02-23 22:53:37 model_name: cnn_2d
02-23 22:53:37 data_name: CWRUSTFT
02-23 22:53:37 data_dir: ..//CWRU
02-23 22:53:37 normlizetype: mean-std
02-23 22:53:37 processing_type: R_A
02-23 22:53:37 cuda_device: 0
02-23 22:53:37 checkpoint_dir: ./checkpoint
02-23 22:53:37 pretrained: True
02-23 22:53:37 batch_size: 64
02-23 22:53:37 num_workers: 0
02-23 22:53:37 opt: adam
02-23 22:53:37 lr: 0.001
02-23 22:53:37 momentum: 0.9
02-23 22:53:37 weight_decay: 1e-05
02-23 22:53:37 lr_scheduler: fix
02-23 22:53:37 gamma: 0.1
02-23 22:53:37 steps: 9
02-23 22:53:37 max_epoch: 100
02-23 22:53:37 print_step: 100
02-23 22:53:37 iid: 1
02-23 22:53:37 num_users: 10
02-23 22:53:37 local_ep: 10
02-23 22:53:37 local_bs: 8
02-23 22:53:37 train_type: train_federated
02-23 22:53:37 num_classes: 10
02-23 22:53:37 stopping_rounds: 10
02-23 22:53:37 verbose: 1
02-23 22:53:37 seed: 1
02-23 22:53:37 epochs: 10
02-23 22:53:37 frac: 0.5
02-23 22:53:37 using 1 gpus
02-23 22:53:44 
 | Global Training Round : 1 |

02-23 22:53:45 | Global Round : 0 | Local Epoch : 0 | [0/355 (0%)]	Loss: 2.600882
02-23 22:53:48 | Global Round : 0 | Local Epoch : 0 | [80/355 (22%)]	Loss: 1.804544
02-23 22:53:49 | Global Round : 0 | Local Epoch : 0 | [160/355 (44%)]	Loss: 1.668916
02-23 22:53:51 | Global Round : 0 | Local Epoch : 0 | [240/355 (67%)]	Loss: 1.297077
02-23 22:53:54 | Global Round : 0 | Local Epoch : 0 | [320/355 (89%)]	Loss: 1.991295
02-23 22:53:55 | Global Round : 0 | Local Epoch : 1 | [0/355 (0%)]	Loss: 1.636009
02-23 22:53:57 | Global Round : 0 | Local Epoch : 1 | [80/355 (22%)]	Loss: 1.843435
02-23 22:53:59 | Global Round : 0 | Local Epoch : 1 | [160/355 (44%)]	Loss: 1.244088
02-23 22:54:01 | Global Round : 0 | Local Epoch : 1 | [240/355 (67%)]	Loss: 0.899004
02-23 22:54:03 | Global Round : 0 | Local Epoch : 1 | [320/355 (89%)]	Loss: 0.104354
02-23 22:54:04 | Global Round : 0 | Local Epoch : 2 | [0/355 (0%)]	Loss: 0.949508
02-23 22:54:06 | Global Round : 0 | Local Epoch : 2 | [80/355 (22%)]	Loss: 0.636577
02-23 22:54:08 | Global Round : 0 | Local Epoch : 2 | [160/355 (44%)]	Loss: 0.556112
02-23 22:54:09 | Global Round : 0 | Local Epoch : 2 | [240/355 (67%)]	Loss: 1.087448
02-23 22:54:11 | Global Round : 0 | Local Epoch : 2 | [320/355 (89%)]	Loss: 1.057066
02-23 22:54:12 | Global Round : 0 | Local Epoch : 3 | [0/355 (0%)]	Loss: 0.352175
02-23 22:54:14 | Global Round : 0 | Local Epoch : 3 | [80/355 (22%)]	Loss: 0.340486
02-23 22:54:16 | Global Round : 0 | Local Epoch : 3 | [160/355 (44%)]	Loss: 0.118891
02-23 22:54:18 | Global Round : 0 | Local Epoch : 3 | [240/355 (67%)]	Loss: 0.572259
02-23 22:54:20 | Global Round : 0 | Local Epoch : 3 | [320/355 (89%)]	Loss: 0.114388
02-23 22:54:21 | Global Round : 0 | Local Epoch : 4 | [0/355 (0%)]	Loss: 0.435045
02-23 22:54:23 | Global Round : 0 | Local Epoch : 4 | [80/355 (22%)]	Loss: 0.329246
02-23 22:54:24 | Global Round : 0 | Local Epoch : 4 | [160/355 (44%)]	Loss: 0.638714
02-23 22:54:26 | Global Round : 0 | Local Epoch : 4 | [240/355 (67%)]	Loss: 0.052229
02-23 22:54:28 | Global Round : 0 | Local Epoch : 4 | [320/355 (89%)]	Loss: 0.046434
02-23 22:54:29 | Global Round : 0 | Local Epoch : 5 | [0/355 (0%)]	Loss: 0.416337
02-23 22:54:31 | Global Round : 0 | Local Epoch : 5 | [80/355 (22%)]	Loss: 0.146823
02-23 22:54:33 | Global Round : 0 | Local Epoch : 5 | [160/355 (44%)]	Loss: 0.070204
02-23 22:54:35 | Global Round : 0 | Local Epoch : 5 | [240/355 (67%)]	Loss: 0.148760
02-23 22:54:37 | Global Round : 0 | Local Epoch : 5 | [320/355 (89%)]	Loss: 0.128948
02-23 22:54:37 | Global Round : 0 | Local Epoch : 6 | [0/355 (0%)]	Loss: 0.406269
02-23 22:54:40 | Global Round : 0 | Local Epoch : 6 | [80/355 (22%)]	Loss: 0.368457
02-23 22:54:42 | Global Round : 0 | Local Epoch : 6 | [160/355 (44%)]	Loss: 0.209720
02-23 22:54:43 | Global Round : 0 | Local Epoch : 6 | [240/355 (67%)]	Loss: 0.049040
02-23 22:54:45 | Global Round : 0 | Local Epoch : 6 | [320/355 (89%)]	Loss: 0.222299
02-23 22:54:46 | Global Round : 0 | Local Epoch : 7 | [0/355 (0%)]	Loss: 0.228472
02-23 22:54:48 | Global Round : 0 | Local Epoch : 7 | [80/355 (22%)]	Loss: 0.000595
02-23 22:54:50 | Global Round : 0 | Local Epoch : 7 | [160/355 (44%)]	Loss: 0.067405
02-23 22:54:52 | Global Round : 0 | Local Epoch : 7 | [240/355 (67%)]	Loss: 0.157426
02-23 22:54:54 | Global Round : 0 | Local Epoch : 7 | [320/355 (89%)]	Loss: 0.128700
02-23 22:54:55 | Global Round : 0 | Local Epoch : 8 | [0/355 (0%)]	Loss: 0.172072
02-23 22:54:57 | Global Round : 0 | Local Epoch : 8 | [80/355 (22%)]	Loss: 0.004499
02-23 22:54:59 | Global Round : 0 | Local Epoch : 8 | [160/355 (44%)]	Loss: 0.023190
02-23 22:55:01 | Global Round : 0 | Local Epoch : 8 | [240/355 (67%)]	Loss: 0.010843
02-23 22:55:03 | Global Round : 0 | Local Epoch : 8 | [320/355 (89%)]	Loss: 0.162934
02-23 22:55:04 | Global Round : 0 | Local Epoch : 9 | [0/355 (0%)]	Loss: 0.093392
02-23 22:55:06 | Global Round : 0 | Local Epoch : 9 | [80/355 (22%)]	Loss: 0.438585
02-23 22:55:08 | Global Round : 0 | Local Epoch : 9 | [160/355 (44%)]	Loss: 0.141073
02-23 22:55:10 | Global Round : 0 | Local Epoch : 9 | [240/355 (67%)]	Loss: 0.057198
02-23 22:55:12 | Global Round : 0 | Local Epoch : 9 | [320/355 (89%)]	Loss: 0.006958
02-23 22:55:13 | Global Round : 0 | Local Epoch : 0 | [0/355 (0%)]	Loss: 2.343683
02-23 22:55:15 | Global Round : 0 | Local Epoch : 0 | [80/355 (22%)]	Loss: 2.094115
02-23 22:55:17 | Global Round : 0 | Local Epoch : 0 | [160/355 (44%)]	Loss: 1.271726
02-23 22:55:19 | Global Round : 0 | Local Epoch : 0 | [240/355 (67%)]	Loss: 1.923208
02-23 22:55:21 | Global Round : 0 | Local Epoch : 0 | [320/355 (89%)]	Loss: 1.882200
02-23 22:55:22 | Global Round : 0 | Local Epoch : 1 | [0/355 (0%)]	Loss: 0.784776
02-23 22:55:24 | Global Round : 0 | Local Epoch : 1 | [80/355 (22%)]	Loss: 0.671043
02-23 22:55:26 | Global Round : 0 | Local Epoch : 1 | [160/355 (44%)]	Loss: 1.332256
02-23 22:55:28 | Global Round : 0 | Local Epoch : 1 | [240/355 (67%)]	Loss: 1.288662
02-23 22:55:30 | Global Round : 0 | Local Epoch : 1 | [320/355 (89%)]	Loss: 0.814330
02-23 22:55:31 | Global Round : 0 | Local Epoch : 2 | [0/355 (0%)]	Loss: 0.525711
02-23 22:55:33 | Global Round : 0 | Local Epoch : 2 | [80/355 (22%)]	Loss: 0.642013
02-23 22:55:35 | Global Round : 0 | Local Epoch : 2 | [160/355 (44%)]	Loss: 0.245848
02-23 22:55:37 | Global Round : 0 | Local Epoch : 2 | [240/355 (67%)]	Loss: 0.375534
02-23 22:55:39 | Global Round : 0 | Local Epoch : 2 | [320/355 (89%)]	Loss: 0.520073
02-23 22:55:40 | Global Round : 0 | Local Epoch : 3 | [0/355 (0%)]	Loss: 0.177504
02-23 22:55:42 | Global Round : 0 | Local Epoch : 3 | [80/355 (22%)]	Loss: 0.027080
02-23 22:55:43 | Global Round : 0 | Local Epoch : 3 | [160/355 (44%)]	Loss: 0.220379
02-23 22:55:45 | Global Round : 0 | Local Epoch : 3 | [240/355 (67%)]	Loss: 0.384264
02-23 22:55:47 | Global Round : 0 | Local Epoch : 3 | [320/355 (89%)]	Loss: 0.792701
02-23 22:55:48 | Global Round : 0 | Local Epoch : 4 | [0/355 (0%)]	Loss: 0.213347
02-23 22:55:50 | Global Round : 0 | Local Epoch : 4 | [80/355 (22%)]	Loss: 0.498150
02-23 22:55:52 | Global Round : 0 | Local Epoch : 4 | [160/355 (44%)]	Loss: 0.220992
02-23 22:55:54 | Global Round : 0 | Local Epoch : 4 | [240/355 (67%)]	Loss: 0.184144
02-23 22:55:56 | Global Round : 0 | Local Epoch : 4 | [320/355 (89%)]	Loss: 0.002386
02-23 22:55:57 | Global Round : 0 | Local Epoch : 5 | [0/355 (0%)]	Loss: 0.020742
02-23 22:55:58 | Global Round : 0 | Local Epoch : 5 | [80/355 (22%)]	Loss: 0.036602
02-23 22:56:00 | Global Round : 0 | Local Epoch : 5 | [160/355 (44%)]	Loss: 0.023689
02-23 22:56:02 | Global Round : 0 | Local Epoch : 5 | [240/355 (67%)]	Loss: 0.031908
02-23 22:56:04 | Global Round : 0 | Local Epoch : 5 | [320/355 (89%)]	Loss: 0.083414
02-23 22:56:05 | Global Round : 0 | Local Epoch : 6 | [0/355 (0%)]	Loss: 0.010302
02-23 22:56:07 | Global Round : 0 | Local Epoch : 6 | [80/355 (22%)]	Loss: 0.136880
02-23 22:56:09 | Global Round : 0 | Local Epoch : 6 | [160/355 (44%)]	Loss: 0.017216
02-23 22:56:11 | Global Round : 0 | Local Epoch : 6 | [240/355 (67%)]	Loss: 0.067055
02-23 22:56:13 | Global Round : 0 | Local Epoch : 6 | [320/355 (89%)]	Loss: 0.106165
02-23 22:56:14 | Global Round : 0 | Local Epoch : 7 | [0/355 (0%)]	Loss: 0.098921
02-23 22:56:16 | Global Round : 0 | Local Epoch : 7 | [80/355 (22%)]	Loss: 0.005967
02-23 22:56:18 | Global Round : 0 | Local Epoch : 7 | [160/355 (44%)]	Loss: 0.010231
02-23 22:56:20 | Global Round : 0 | Local Epoch : 7 | [240/355 (67%)]	Loss: 0.030013
02-23 22:56:22 | Global Round : 0 | Local Epoch : 7 | [320/355 (89%)]	Loss: 0.010024
02-23 22:56:23 | Global Round : 0 | Local Epoch : 8 | [0/355 (0%)]	Loss: 0.009309
02-23 22:56:25 | Global Round : 0 | Local Epoch : 8 | [80/355 (22%)]	Loss: 0.961780
02-23 22:56:27 | Global Round : 0 | Local Epoch : 8 | [160/355 (44%)]	Loss: 0.224150
02-23 22:56:29 | Global Round : 0 | Local Epoch : 8 | [240/355 (67%)]	Loss: 0.328071
02-23 22:56:31 | Global Round : 0 | Local Epoch : 8 | [320/355 (89%)]	Loss: 0.205776
02-23 22:56:32 | Global Round : 0 | Local Epoch : 9 | [0/355 (0%)]	Loss: 0.193194
02-23 22:56:34 | Global Round : 0 | Local Epoch : 9 | [80/355 (22%)]	Loss: 0.101969
02-23 22:56:36 | Global Round : 0 | Local Epoch : 9 | [160/355 (44%)]	Loss: 0.272372
02-23 22:56:38 | Global Round : 0 | Local Epoch : 9 | [240/355 (67%)]	Loss: 0.047469
02-23 22:56:40 | Global Round : 0 | Local Epoch : 9 | [320/355 (89%)]	Loss: 0.740529
02-23 22:56:40 | Global Round : 0 | Local Epoch : 0 | [0/355 (0%)]	Loss: 2.249742
02-23 22:56:42 | Global Round : 0 | Local Epoch : 0 | [80/355 (22%)]	Loss: 1.981356
02-23 22:56:44 | Global Round : 0 | Local Epoch : 0 | [160/355 (44%)]	Loss: 1.786758
02-23 22:56:46 | Global Round : 0 | Local Epoch : 0 | [240/355 (67%)]	Loss: 0.399934
02-23 22:56:48 | Global Round : 0 | Local Epoch : 0 | [320/355 (89%)]	Loss: 1.523208
02-23 22:56:49 | Global Round : 0 | Local Epoch : 1 | [0/355 (0%)]	Loss: 1.320141
02-23 22:56:51 | Global Round : 0 | Local Epoch : 1 | [80/355 (22%)]	Loss: 0.693530
02-23 22:56:53 | Global Round : 0 | Local Epoch : 1 | [160/355 (44%)]	Loss: 0.628694
02-23 22:56:55 | Global Round : 0 | Local Epoch : 1 | [240/355 (67%)]	Loss: 1.105178
02-23 22:56:56 | Global Round : 0 | Local Epoch : 1 | [320/355 (89%)]	Loss: 0.795708
02-23 22:56:57 | Global Round : 0 | Local Epoch : 2 | [0/355 (0%)]	Loss: 0.661568
02-23 22:56:59 | Global Round : 0 | Local Epoch : 2 | [80/355 (22%)]	Loss: 0.494155
02-23 22:57:01 | Global Round : 0 | Local Epoch : 2 | [160/355 (44%)]	Loss: 0.774383
02-23 22:57:03 | Global Round : 0 | Local Epoch : 2 | [240/355 (67%)]	Loss: 0.564458
02-23 22:57:05 | Global Round : 0 | Local Epoch : 2 | [320/355 (89%)]	Loss: 1.015173
02-23 22:57:06 | Global Round : 0 | Local Epoch : 3 | [0/355 (0%)]	Loss: 0.634011
02-23 22:57:07 | Global Round : 0 | Local Epoch : 3 | [80/355 (22%)]	Loss: 1.136830
02-23 22:57:09 | Global Round : 0 | Local Epoch : 3 | [160/355 (44%)]	Loss: 0.458727
02-23 22:57:11 | Global Round : 0 | Local Epoch : 3 | [240/355 (67%)]	Loss: 1.044493
02-23 22:57:13 | Global Round : 0 | Local Epoch : 3 | [320/355 (89%)]	Loss: 0.565660
02-23 22:57:14 | Global Round : 0 | Local Epoch : 4 | [0/355 (0%)]	Loss: 0.945747
02-23 22:57:16 | Global Round : 0 | Local Epoch : 4 | [80/355 (22%)]	Loss: 0.283032
02-23 22:57:18 | Global Round : 0 | Local Epoch : 4 | [160/355 (44%)]	Loss: 0.848414
02-23 22:57:20 | Global Round : 0 | Local Epoch : 4 | [240/355 (67%)]	Loss: 0.060324
02-23 22:57:22 | Global Round : 0 | Local Epoch : 4 | [320/355 (89%)]	Loss: 0.136704
02-23 22:57:23 | Global Round : 0 | Local Epoch : 5 | [0/355 (0%)]	Loss: 0.040375
02-23 22:57:25 | Global Round : 0 | Local Epoch : 5 | [80/355 (22%)]	Loss: 0.361435
02-23 22:57:28 | Global Round : 0 | Local Epoch : 5 | [160/355 (44%)]	Loss: 0.101476
02-23 22:57:30 | Global Round : 0 | Local Epoch : 5 | [240/355 (67%)]	Loss: 0.496940
02-23 22:57:32 | Global Round : 0 | Local Epoch : 5 | [320/355 (89%)]	Loss: 0.114416
02-23 22:57:32 | Global Round : 0 | Local Epoch : 6 | [0/355 (0%)]	Loss: 0.529531
02-23 22:57:34 | Global Round : 0 | Local Epoch : 6 | [80/355 (22%)]	Loss: 0.096666
02-23 22:57:37 | Global Round : 0 | Local Epoch : 6 | [160/355 (44%)]	Loss: 0.503965
02-23 22:57:39 | Global Round : 0 | Local Epoch : 6 | [240/355 (67%)]	Loss: 0.060214
02-23 22:57:41 | Global Round : 0 | Local Epoch : 6 | [320/355 (89%)]	Loss: 0.531183
02-23 22:57:42 | Global Round : 0 | Local Epoch : 7 | [0/355 (0%)]	Loss: 0.240648
02-23 22:57:43 | Global Round : 0 | Local Epoch : 7 | [80/355 (22%)]	Loss: 0.004100
02-23 22:57:45 | Global Round : 0 | Local Epoch : 7 | [160/355 (44%)]	Loss: 0.025754
02-23 22:57:47 | Global Round : 0 | Local Epoch : 7 | [240/355 (67%)]	Loss: 0.411435
02-23 22:57:49 | Global Round : 0 | Local Epoch : 7 | [320/355 (89%)]	Loss: 0.106757
02-23 22:57:50 | Global Round : 0 | Local Epoch : 8 | [0/355 (0%)]	Loss: 0.063790
02-23 22:57:52 | Global Round : 0 | Local Epoch : 8 | [80/355 (22%)]	Loss: 0.201359
02-23 22:57:54 | Global Round : 0 | Local Epoch : 8 | [160/355 (44%)]	Loss: 0.072985
02-23 22:57:56 | Global Round : 0 | Local Epoch : 8 | [240/355 (67%)]	Loss: 0.096241
02-23 22:57:58 | Global Round : 0 | Local Epoch : 8 | [320/355 (89%)]	Loss: 0.003708
02-23 22:57:59 | Global Round : 0 | Local Epoch : 9 | [0/355 (0%)]	Loss: 0.019158
02-23 22:58:01 | Global Round : 0 | Local Epoch : 9 | [80/355 (22%)]	Loss: 0.360464
02-23 22:58:02 | Global Round : 0 | Local Epoch : 9 | [160/355 (44%)]	Loss: 0.018883
02-23 22:58:04 | Global Round : 0 | Local Epoch : 9 | [240/355 (67%)]	Loss: 0.104371
02-23 22:58:06 | Global Round : 0 | Local Epoch : 9 | [320/355 (89%)]	Loss: 0.084580
02-23 22:58:07 | Global Round : 0 | Local Epoch : 0 | [0/355 (0%)]	Loss: 2.299319
02-23 22:58:09 | Global Round : 0 | Local Epoch : 0 | [80/355 (22%)]	Loss: 1.752190
02-23 22:58:11 | Global Round : 0 | Local Epoch : 0 | [160/355 (44%)]	Loss: 1.448550
02-23 22:58:13 | Global Round : 0 | Local Epoch : 0 | [240/355 (67%)]	Loss: 1.746232
02-23 22:58:15 | Global Round : 0 | Local Epoch : 0 | [320/355 (89%)]	Loss: 0.739754
02-23 22:58:16 | Global Round : 0 | Local Epoch : 1 | [0/355 (0%)]	Loss: 0.851111
02-23 22:58:18 | Global Round : 0 | Local Epoch : 1 | [80/355 (22%)]	Loss: 1.408474
02-23 22:58:20 | Global Round : 0 | Local Epoch : 1 | [160/355 (44%)]	Loss: 1.189963
02-23 22:58:22 | Global Round : 0 | Local Epoch : 1 | [240/355 (67%)]	Loss: 0.726923
02-23 22:58:24 | Global Round : 0 | Local Epoch : 1 | [320/355 (89%)]	Loss: 0.704927
02-23 22:58:25 | Global Round : 0 | Local Epoch : 2 | [0/355 (0%)]	Loss: 0.715845
02-23 22:58:27 | Global Round : 0 | Local Epoch : 2 | [80/355 (22%)]	Loss: 0.416353
02-23 22:58:28 | Global Round : 0 | Local Epoch : 2 | [160/355 (44%)]	Loss: 0.536298
02-23 22:58:30 | Global Round : 0 | Local Epoch : 2 | [240/355 (67%)]	Loss: 0.794058
02-23 22:58:33 | Global Round : 0 | Local Epoch : 2 | [320/355 (89%)]	Loss: 0.473930
02-23 22:58:33 | Global Round : 0 | Local Epoch : 3 | [0/355 (0%)]	Loss: 0.428380
02-23 22:58:36 | Global Round : 0 | Local Epoch : 3 | [80/355 (22%)]	Loss: 0.362849
02-23 22:58:38 | Global Round : 0 | Local Epoch : 3 | [160/355 (44%)]	Loss: 0.218074
02-23 22:58:39 | Global Round : 0 | Local Epoch : 3 | [240/355 (67%)]	Loss: 0.409678
02-23 22:58:41 | Global Round : 0 | Local Epoch : 3 | [320/355 (89%)]	Loss: 0.400758
02-23 22:58:42 | Global Round : 0 | Local Epoch : 4 | [0/355 (0%)]	Loss: 0.476005
02-23 22:58:44 | Global Round : 0 | Local Epoch : 4 | [80/355 (22%)]	Loss: 0.346640
02-23 22:58:46 | Global Round : 0 | Local Epoch : 4 | [160/355 (44%)]	Loss: 0.563667
02-23 22:58:48 | Global Round : 0 | Local Epoch : 4 | [240/355 (67%)]	Loss: 0.234520
02-23 22:58:50 | Global Round : 0 | Local Epoch : 4 | [320/355 (89%)]	Loss: 0.133485
02-23 22:58:51 | Global Round : 0 | Local Epoch : 5 | [0/355 (0%)]	Loss: 0.283769
02-23 22:58:53 | Global Round : 0 | Local Epoch : 5 | [80/355 (22%)]	Loss: 0.163077
02-23 22:58:55 | Global Round : 0 | Local Epoch : 5 | [160/355 (44%)]	Loss: 0.049758
02-23 22:58:57 | Global Round : 0 | Local Epoch : 5 | [240/355 (67%)]	Loss: 0.839913
02-23 22:58:59 | Global Round : 0 | Local Epoch : 5 | [320/355 (89%)]	Loss: 0.993328
02-23 22:59:00 | Global Round : 0 | Local Epoch : 6 | [0/355 (0%)]	Loss: 0.716551
02-23 22:59:02 | Global Round : 0 | Local Epoch : 6 | [80/355 (22%)]	Loss: 0.470065
02-23 22:59:04 | Global Round : 0 | Local Epoch : 6 | [160/355 (44%)]	Loss: 0.269362
02-23 22:59:06 | Global Round : 0 | Local Epoch : 6 | [240/355 (67%)]	Loss: 0.416888
02-23 22:59:07 | Global Round : 0 | Local Epoch : 6 | [320/355 (89%)]	Loss: 0.204888
02-23 22:59:08 | Global Round : 0 | Local Epoch : 7 | [0/355 (0%)]	Loss: 0.123669
02-23 22:59:10 | Global Round : 0 | Local Epoch : 7 | [80/355 (22%)]	Loss: 0.358927
02-23 22:59:12 | Global Round : 0 | Local Epoch : 7 | [160/355 (44%)]	Loss: 0.122620
02-23 22:59:14 | Global Round : 0 | Local Epoch : 7 | [240/355 (67%)]	Loss: 0.088291
02-23 22:59:16 | Global Round : 0 | Local Epoch : 7 | [320/355 (89%)]	Loss: 0.272517
02-23 22:59:16 | Global Round : 0 | Local Epoch : 8 | [0/355 (0%)]	Loss: 0.083376
02-23 22:59:18 | Global Round : 0 | Local Epoch : 8 | [80/355 (22%)]	Loss: 0.047547
02-23 22:59:20 | Global Round : 0 | Local Epoch : 8 | [160/355 (44%)]	Loss: 0.321575
02-23 22:59:22 | Global Round : 0 | Local Epoch : 8 | [240/355 (67%)]	Loss: 0.089658
02-23 22:59:24 | Global Round : 0 | Local Epoch : 8 | [320/355 (89%)]	Loss: 0.061689
02-23 22:59:25 | Global Round : 0 | Local Epoch : 9 | [0/355 (0%)]	Loss: 1.229943
02-23 22:59:26 | Global Round : 0 | Local Epoch : 9 | [80/355 (22%)]	Loss: 0.314222
02-23 22:59:28 | Global Round : 0 | Local Epoch : 9 | [160/355 (44%)]	Loss: 0.107021
02-23 22:59:30 | Global Round : 0 | Local Epoch : 9 | [240/355 (67%)]	Loss: 0.050088
02-23 22:59:32 | Global Round : 0 | Local Epoch : 9 | [320/355 (89%)]	Loss: 0.016119
02-23 22:59:33 | Global Round : 0 | Local Epoch : 0 | [0/355 (0%)]	Loss: 2.435400
02-23 22:59:35 | Global Round : 0 | Local Epoch : 0 | [80/355 (22%)]	Loss: 1.125624
02-23 22:59:37 | Global Round : 0 | Local Epoch : 0 | [160/355 (44%)]	Loss: 2.048699
02-23 22:59:39 | Global Round : 0 | Local Epoch : 0 | [240/355 (67%)]	Loss: 0.637509
02-23 22:59:41 | Global Round : 0 | Local Epoch : 0 | [320/355 (89%)]	Loss: 0.698735
02-23 22:59:42 | Global Round : 0 | Local Epoch : 1 | [0/355 (0%)]	Loss: 0.622065
02-23 22:59:44 | Global Round : 0 | Local Epoch : 1 | [80/355 (22%)]	Loss: 1.165005
02-23 22:59:46 | Global Round : 0 | Local Epoch : 1 | [160/355 (44%)]	Loss: 0.113526
02-23 22:59:48 | Global Round : 0 | Local Epoch : 1 | [240/355 (67%)]	Loss: 0.783885
02-23 22:59:50 | Global Round : 0 | Local Epoch : 1 | [320/355 (89%)]	Loss: 0.608571
02-23 22:59:50 | Global Round : 0 | Local Epoch : 2 | [0/355 (0%)]	Loss: 0.935348
02-23 22:59:52 | Global Round : 0 | Local Epoch : 2 | [80/355 (22%)]	Loss: 0.382580
02-23 22:59:54 | Global Round : 0 | Local Epoch : 2 | [160/355 (44%)]	Loss: 0.576628
02-23 22:59:56 | Global Round : 0 | Local Epoch : 2 | [240/355 (67%)]	Loss: 0.542761
02-23 22:59:58 | Global Round : 0 | Local Epoch : 2 | [320/355 (89%)]	Loss: 0.495115
02-23 22:59:59 | Global Round : 0 | Local Epoch : 3 | [0/355 (0%)]	Loss: 0.413890
02-23 23:00:01 | Global Round : 0 | Local Epoch : 3 | [80/355 (22%)]	Loss: 0.149431
02-23 23:00:03 | Global Round : 0 | Local Epoch : 3 | [160/355 (44%)]	Loss: 0.321078
02-23 23:00:05 | Global Round : 0 | Local Epoch : 3 | [240/355 (67%)]	Loss: 0.454972
02-23 23:00:07 | Global Round : 0 | Local Epoch : 3 | [320/355 (89%)]	Loss: 0.165699
02-23 23:00:08 | Global Round : 0 | Local Epoch : 4 | [0/355 (0%)]	Loss: 0.208524
02-23 23:00:10 | Global Round : 0 | Local Epoch : 4 | [80/355 (22%)]	Loss: 0.084424
02-23 23:00:12 | Global Round : 0 | Local Epoch : 4 | [160/355 (44%)]	Loss: 0.655123
02-23 23:00:14 | Global Round : 0 | Local Epoch : 4 | [240/355 (67%)]	Loss: 0.513788
02-23 23:00:16 | Global Round : 0 | Local Epoch : 4 | [320/355 (89%)]	Loss: 0.155613
02-23 23:00:17 | Global Round : 0 | Local Epoch : 5 | [0/355 (0%)]	Loss: 0.154940
02-23 23:00:19 | Global Round : 0 | Local Epoch : 5 | [80/355 (22%)]	Loss: 0.021375
02-23 23:00:20 | Global Round : 0 | Local Epoch : 5 | [160/355 (44%)]	Loss: 0.029619
02-23 23:00:22 | Global Round : 0 | Local Epoch : 5 | [240/355 (67%)]	Loss: 0.293998
02-23 23:00:24 | Global Round : 0 | Local Epoch : 5 | [320/355 (89%)]	Loss: 0.005361
02-23 23:00:24 | Global Round : 0 | Local Epoch : 6 | [0/355 (0%)]	Loss: 0.020388
02-23 23:00:26 | Global Round : 0 | Local Epoch : 6 | [80/355 (22%)]	Loss: 0.292379
02-23 23:00:28 | Global Round : 0 | Local Epoch : 6 | [160/355 (44%)]	Loss: 0.834157
02-23 23:00:30 | Global Round : 0 | Local Epoch : 6 | [240/355 (67%)]	Loss: 0.506382
02-23 23:00:32 | Global Round : 0 | Local Epoch : 6 | [320/355 (89%)]	Loss: 0.176667
02-23 23:00:33 | Global Round : 0 | Local Epoch : 7 | [0/355 (0%)]	Loss: 0.358183
02-23 23:00:35 | Global Round : 0 | Local Epoch : 7 | [80/355 (22%)]	Loss: 0.148615
02-23 23:00:37 | Global Round : 0 | Local Epoch : 7 | [160/355 (44%)]	Loss: 0.043207
02-23 23:00:39 | Global Round : 0 | Local Epoch : 7 | [240/355 (67%)]	Loss: 0.018995
02-23 23:00:41 | Global Round : 0 | Local Epoch : 7 | [320/355 (89%)]	Loss: 0.023715
02-23 23:00:42 | Global Round : 0 | Local Epoch : 8 | [0/355 (0%)]	Loss: 0.004678
02-23 23:00:44 | Global Round : 0 | Local Epoch : 8 | [80/355 (22%)]	Loss: 0.769558
02-23 23:00:46 | Global Round : 0 | Local Epoch : 8 | [160/355 (44%)]	Loss: 0.186990
02-23 23:00:48 | Global Round : 0 | Local Epoch : 8 | [240/355 (67%)]	Loss: 0.187387
02-23 23:00:50 | Global Round : 0 | Local Epoch : 8 | [320/355 (89%)]	Loss: 0.046124
02-23 23:00:50 | Global Round : 0 | Local Epoch : 9 | [0/355 (0%)]	Loss: 0.628327
02-23 23:00:52 | Global Round : 0 | Local Epoch : 9 | [80/355 (22%)]	Loss: 0.082515
02-23 23:00:54 | Global Round : 0 | Local Epoch : 9 | [160/355 (44%)]	Loss: 0.092193
02-23 23:00:56 | Global Round : 0 | Local Epoch : 9 | [240/355 (67%)]	Loss: 0.003234
02-23 23:00:58 | Global Round : 0 | Local Epoch : 9 | [320/355 (89%)]	Loss: 0.084770
02-23 23:01:20  
Avg Training Stats after 1 global rounds:
02-23 23:01:20 Training Loss : 0.5176803302120648
02-23 23:01:20 Train Accuracy: 60.67% 

02-23 23:01:20 
 | Global Training Round : 2 |

02-23 23:01:20 | Global Round : 1 | Local Epoch : 0 | [0/355 (0%)]	Loss: 0.919144
02-23 23:01:22 | Global Round : 1 | Local Epoch : 0 | [80/355 (22%)]	Loss: 0.687069
02-23 23:01:24 | Global Round : 1 | Local Epoch : 0 | [160/355 (44%)]	Loss: 0.306331
02-23 23:01:26 | Global Round : 1 | Local Epoch : 0 | [240/355 (67%)]	Loss: 1.542990
02-23 23:01:28 | Global Round : 1 | Local Epoch : 0 | [320/355 (89%)]	Loss: 0.479473
02-23 23:01:29 | Global Round : 1 | Local Epoch : 1 | [0/355 (0%)]	Loss: 0.165704
02-23 23:01:30 | Global Round : 1 | Local Epoch : 1 | [80/355 (22%)]	Loss: 0.348900
02-23 23:01:32 | Global Round : 1 | Local Epoch : 1 | [160/355 (44%)]	Loss: 0.007415
02-23 23:01:34 | Global Round : 1 | Local Epoch : 1 | [240/355 (67%)]	Loss: 0.099183
02-23 23:01:36 | Global Round : 1 | Local Epoch : 1 | [320/355 (89%)]	Loss: 0.031939
02-23 23:01:37 | Global Round : 1 | Local Epoch : 2 | [0/355 (0%)]	Loss: 0.281960
02-23 23:01:39 | Global Round : 1 | Local Epoch : 2 | [80/355 (22%)]	Loss: 0.070906
02-23 23:01:41 | Global Round : 1 | Local Epoch : 2 | [160/355 (44%)]	Loss: 0.874611
02-23 23:01:43 | Global Round : 1 | Local Epoch : 2 | [240/355 (67%)]	Loss: 0.121515
02-23 23:01:44 | Global Round : 1 | Local Epoch : 2 | [320/355 (89%)]	Loss: 0.031074
02-23 23:01:45 | Global Round : 1 | Local Epoch : 3 | [0/355 (0%)]	Loss: 0.115725
02-23 23:01:47 | Global Round : 1 | Local Epoch : 3 | [80/355 (22%)]	Loss: 0.009924
02-23 23:01:49 | Global Round : 1 | Local Epoch : 3 | [160/355 (44%)]	Loss: 0.158004
02-23 23:01:51 | Global Round : 1 | Local Epoch : 3 | [240/355 (67%)]	Loss: 0.040632
02-23 23:01:53 | Global Round : 1 | Local Epoch : 3 | [320/355 (89%)]	Loss: 0.274336
02-23 23:01:54 | Global Round : 1 | Local Epoch : 4 | [0/355 (0%)]	Loss: 0.010309
02-23 23:01:56 | Global Round : 1 | Local Epoch : 4 | [80/355 (22%)]	Loss: 0.000940
02-23 23:01:57 | Global Round : 1 | Local Epoch : 4 | [160/355 (44%)]	Loss: 0.032891
02-23 23:02:00 | Global Round : 1 | Local Epoch : 4 | [240/355 (67%)]	Loss: 0.012278
02-23 23:02:02 | Global Round : 1 | Local Epoch : 4 | [320/355 (89%)]	Loss: 0.003618
02-23 23:02:02 | Global Round : 1 | Local Epoch : 5 | [0/355 (0%)]	Loss: 0.016875
02-23 23:02:04 | Global Round : 1 | Local Epoch : 5 | [80/355 (22%)]	Loss: 0.402968
02-23 23:02:06 | Global Round : 1 | Local Epoch : 5 | [160/355 (44%)]	Loss: 0.148500
02-23 23:02:08 | Global Round : 1 | Local Epoch : 5 | [240/355 (67%)]	Loss: 1.381949
02-23 23:02:10 | Global Round : 1 | Local Epoch : 5 | [320/355 (89%)]	Loss: 0.114401
02-23 23:02:11 | Global Round : 1 | Local Epoch : 6 | [0/355 (0%)]	Loss: 0.223781
02-23 23:02:13 | Global Round : 1 | Local Epoch : 6 | [80/355 (22%)]	Loss: 0.035318
02-23 23:02:15 | Global Round : 1 | Local Epoch : 6 | [160/355 (44%)]	Loss: 0.164321
02-23 23:02:17 | Global Round : 1 | Local Epoch : 6 | [240/355 (67%)]	Loss: 0.098127
02-23 23:02:19 | Global Round : 1 | Local Epoch : 6 | [320/355 (89%)]	Loss: 0.115685
02-23 23:02:20 | Global Round : 1 | Local Epoch : 7 | [0/355 (0%)]	Loss: 0.003669
02-23 23:02:21 | Global Round : 1 | Local Epoch : 7 | [80/355 (22%)]	Loss: 0.016654
02-23 23:02:23 | Global Round : 1 | Local Epoch : 7 | [160/355 (44%)]	Loss: 0.013808
02-23 23:02:25 | Global Round : 1 | Local Epoch : 7 | [240/355 (67%)]	Loss: 0.154486
02-23 23:02:27 | Global Round : 1 | Local Epoch : 7 | [320/355 (89%)]	Loss: 0.142485
02-23 23:02:28 | Global Round : 1 | Local Epoch : 8 | [0/355 (0%)]	Loss: 0.093387
02-23 23:02:30 | Global Round : 1 | Local Epoch : 8 | [80/355 (22%)]	Loss: 0.029975
02-23 23:02:32 | Global Round : 1 | Local Epoch : 8 | [160/355 (44%)]	Loss: 0.021551
02-23 23:02:34 | Global Round : 1 | Local Epoch : 8 | [240/355 (67%)]	Loss: 0.030529
02-23 23:02:36 | Global Round : 1 | Local Epoch : 8 | [320/355 (89%)]	Loss: 0.007090
02-23 23:02:37 | Global Round : 1 | Local Epoch : 9 | [0/355 (0%)]	Loss: 0.079413
02-23 23:02:39 | Global Round : 1 | Local Epoch : 9 | [80/355 (22%)]	Loss: 0.010492
02-23 23:02:41 | Global Round : 1 | Local Epoch : 9 | [160/355 (44%)]	Loss: 0.039948
02-23 23:02:43 | Global Round : 1 | Local Epoch : 9 | [240/355 (67%)]	Loss: 0.054333
02-23 23:02:45 | Global Round : 1 | Local Epoch : 9 | [320/355 (89%)]	Loss: 0.042485
02-23 23:02:45 | Global Round : 1 | Local Epoch : 0 | [0/355 (0%)]	Loss: 1.525464
02-23 23:02:47 | Global Round : 1 | Local Epoch : 0 | [80/355 (22%)]	Loss: 0.806519
02-23 23:02:49 | Global Round : 1 | Local Epoch : 0 | [160/355 (44%)]	Loss: 0.578567
02-23 23:02:51 | Global Round : 1 | Local Epoch : 0 | [240/355 (67%)]	Loss: 1.464771
02-23 23:02:53 | Global Round : 1 | Local Epoch : 0 | [320/355 (89%)]	Loss: 0.363955
02-23 23:02:54 | Global Round : 1 | Local Epoch : 1 | [0/355 (0%)]	Loss: 0.140360
02-23 23:02:56 | Global Round : 1 | Local Epoch : 1 | [80/355 (22%)]	Loss: 0.166905
02-23 23:02:58 | Global Round : 1 | Local Epoch : 1 | [160/355 (44%)]	Loss: 0.271848
02-23 23:03:00 | Global Round : 1 | Local Epoch : 1 | [240/355 (67%)]	Loss: 0.500337
02-23 23:03:02 | Global Round : 1 | Local Epoch : 1 | [320/355 (89%)]	Loss: 0.276657
02-23 23:03:02 | Global Round : 1 | Local Epoch : 2 | [0/355 (0%)]	Loss: 0.836679
02-23 23:03:04 | Global Round : 1 | Local Epoch : 2 | [80/355 (22%)]	Loss: 0.789801
02-23 23:03:06 | Global Round : 1 | Local Epoch : 2 | [160/355 (44%)]	Loss: 0.588207
02-23 23:03:08 | Global Round : 1 | Local Epoch : 2 | [240/355 (67%)]	Loss: 0.205378
02-23 23:03:10 | Global Round : 1 | Local Epoch : 2 | [320/355 (89%)]	Loss: 0.107017
02-23 23:03:11 | Global Round : 1 | Local Epoch : 3 | [0/355 (0%)]	Loss: 0.189138
02-23 23:03:13 | Global Round : 1 | Local Epoch : 3 | [80/355 (22%)]	Loss: 0.474599
02-23 23:03:14 | Global Round : 1 | Local Epoch : 3 | [160/355 (44%)]	Loss: 0.061197
02-23 23:03:16 | Global Round : 1 | Local Epoch : 3 | [240/355 (67%)]	Loss: 0.396823
02-23 23:03:18 | Global Round : 1 | Local Epoch : 3 | [320/355 (89%)]	Loss: 0.823608
02-23 23:03:19 | Global Round : 1 | Local Epoch : 4 | [0/355 (0%)]	Loss: 0.811410
02-23 23:03:21 | Global Round : 1 | Local Epoch : 4 | [80/355 (22%)]	Loss: 0.285805
02-23 23:03:23 | Global Round : 1 | Local Epoch : 4 | [160/355 (44%)]	Loss: 0.029629
02-23 23:03:25 | Global Round : 1 | Local Epoch : 4 | [240/355 (67%)]	Loss: 0.039040
02-23 23:03:27 | Global Round : 1 | Local Epoch : 4 | [320/355 (89%)]	Loss: 0.006752
02-23 23:03:28 | Global Round : 1 | Local Epoch : 5 | [0/355 (0%)]	Loss: 0.009315
02-23 23:03:30 | Global Round : 1 | Local Epoch : 5 | [80/355 (22%)]	Loss: 1.595945
02-23 23:03:32 | Global Round : 1 | Local Epoch : 5 | [160/355 (44%)]	Loss: 0.168529
02-23 23:03:34 | Global Round : 1 | Local Epoch : 5 | [240/355 (67%)]	Loss: 0.354145
02-23 23:03:35 | Global Round : 1 | Local Epoch : 5 | [320/355 (89%)]	Loss: 0.069038
02-23 23:03:36 | Global Round : 1 | Local Epoch : 6 | [0/355 (0%)]	Loss: 0.016658
02-23 23:03:38 | Global Round : 1 | Local Epoch : 6 | [80/355 (22%)]	Loss: 0.094459
02-23 23:03:40 | Global Round : 1 | Local Epoch : 6 | [160/355 (44%)]	Loss: 0.034430
02-23 23:03:42 | Global Round : 1 | Local Epoch : 6 | [240/355 (67%)]	Loss: 0.035035
02-23 23:03:44 | Global Round : 1 | Local Epoch : 6 | [320/355 (89%)]	Loss: 0.067306
02-23 23:03:45 | Global Round : 1 | Local Epoch : 7 | [0/355 (0%)]	Loss: 0.123504
02-23 23:03:47 | Global Round : 1 | Local Epoch : 7 | [80/355 (22%)]	Loss: 0.012917
02-23 23:03:49 | Global Round : 1 | Local Epoch : 7 | [160/355 (44%)]	Loss: 0.005562
02-23 23:03:51 | Global Round : 1 | Local Epoch : 7 | [240/355 (67%)]	Loss: 0.008114
02-23 23:03:53 | Global Round : 1 | Local Epoch : 7 | [320/355 (89%)]	Loss: 0.079242
02-23 23:03:53 | Global Round : 1 | Local Epoch : 8 | [0/355 (0%)]	Loss: 0.167932
02-23 23:03:55 | Global Round : 1 | Local Epoch : 8 | [80/355 (22%)]	Loss: 0.010936
02-23 23:03:57 | Global Round : 1 | Local Epoch : 8 | [160/355 (44%)]	Loss: 0.004079
02-23 23:03:59 | Global Round : 1 | Local Epoch : 8 | [240/355 (67%)]	Loss: 0.001380
02-23 23:04:00 | Global Round : 1 | Local Epoch : 8 | [320/355 (89%)]	Loss: 0.014071
02-23 23:04:01 | Global Round : 1 | Local Epoch : 9 | [0/355 (0%)]	Loss: 0.001678
02-23 23:04:03 | Global Round : 1 | Local Epoch : 9 | [80/355 (22%)]	Loss: 0.046540
02-23 23:04:05 | Global Round : 1 | Local Epoch : 9 | [160/355 (44%)]	Loss: 0.490167
02-23 23:04:07 | Global Round : 1 | Local Epoch : 9 | [240/355 (67%)]	Loss: 0.004513
02-23 23:04:09 | Global Round : 1 | Local Epoch : 9 | [320/355 (89%)]	Loss: 0.015585
02-23 23:04:10 | Global Round : 1 | Local Epoch : 0 | [0/355 (0%)]	Loss: 0.774521
02-23 23:04:12 | Global Round : 1 | Local Epoch : 0 | [80/355 (22%)]	Loss: 0.896530
02-23 23:04:14 | Global Round : 1 | Local Epoch : 0 | [160/355 (44%)]	Loss: 1.625263
02-23 23:04:16 | Global Round : 1 | Local Epoch : 0 | [240/355 (67%)]	Loss: 0.732324
02-23 23:04:18 | Global Round : 1 | Local Epoch : 0 | [320/355 (89%)]	Loss: 0.282905
02-23 23:04:19 | Global Round : 1 | Local Epoch : 1 | [0/355 (0%)]	Loss: 0.262193
02-23 23:04:21 | Global Round : 1 | Local Epoch : 1 | [80/355 (22%)]	Loss: 0.107708
02-23 23:04:22 | Global Round : 1 | Local Epoch : 1 | [160/355 (44%)]	Loss: 0.852542
02-23 23:04:24 | Global Round : 1 | Local Epoch : 1 | [240/355 (67%)]	Loss: 0.267336
02-23 23:04:26 | Global Round : 1 | Local Epoch : 1 | [320/355 (89%)]	Loss: 0.233464
02-23 23:04:27 | Global Round : 1 | Local Epoch : 2 | [0/355 (0%)]	Loss: 0.583547
02-23 23:04:29 | Global Round : 1 | Local Epoch : 2 | [80/355 (22%)]	Loss: 0.595399
02-23 23:04:31 | Global Round : 1 | Local Epoch : 2 | [160/355 (44%)]	Loss: 0.410638
02-23 23:04:33 | Global Round : 1 | Local Epoch : 2 | [240/355 (67%)]	Loss: 0.215939
02-23 23:04:35 | Global Round : 1 | Local Epoch : 2 | [320/355 (89%)]	Loss: 0.002406
02-23 23:04:36 | Global Round : 1 | Local Epoch : 3 | [0/355 (0%)]	Loss: 0.107580
02-23 23:04:38 | Global Round : 1 | Local Epoch : 3 | [80/355 (22%)]	Loss: 1.492510
02-23 23:04:39 | Global Round : 1 | Local Epoch : 3 | [160/355 (44%)]	Loss: 0.025198
02-23 23:04:41 | Global Round : 1 | Local Epoch : 3 | [240/355 (67%)]	Loss: 0.031948
02-23 23:04:43 | Global Round : 1 | Local Epoch : 3 | [320/355 (89%)]	Loss: 0.037194
02-23 23:04:44 | Global Round : 1 | Local Epoch : 4 | [0/355 (0%)]	Loss: 0.298324
02-23 23:04:46 | Global Round : 1 | Local Epoch : 4 | [80/355 (22%)]	Loss: 0.438943
02-23 23:04:48 | Global Round : 1 | Local Epoch : 4 | [160/355 (44%)]	Loss: 0.453269
02-23 23:04:50 | Global Round : 1 | Local Epoch : 4 | [240/355 (67%)]	Loss: 0.111833
02-23 23:04:52 | Global Round : 1 | Local Epoch : 4 | [320/355 (89%)]	Loss: 0.396218
02-23 23:04:53 | Global Round : 1 | Local Epoch : 5 | [0/355 (0%)]	Loss: 0.009389
02-23 23:04:55 | Global Round : 1 | Local Epoch : 5 | [80/355 (22%)]	Loss: 0.125310
02-23 23:04:57 | Global Round : 1 | Local Epoch : 5 | [160/355 (44%)]	Loss: 0.079501
02-23 23:04:59 | Global Round : 1 | Local Epoch : 5 | [240/355 (67%)]	Loss: 0.005797
02-23 23:05:01 | Global Round : 1 | Local Epoch : 5 | [320/355 (89%)]	Loss: 0.001642
02-23 23:05:01 | Global Round : 1 | Local Epoch : 6 | [0/355 (0%)]	Loss: 0.003063
02-23 23:05:03 | Global Round : 1 | Local Epoch : 6 | [80/355 (22%)]	Loss: 0.074680
02-23 23:05:05 | Global Round : 1 | Local Epoch : 6 | [160/355 (44%)]	Loss: 0.096275
02-23 23:05:07 | Global Round : 1 | Local Epoch : 6 | [240/355 (67%)]	Loss: 0.003569
02-23 23:05:09 | Global Round : 1 | Local Epoch : 6 | [320/355 (89%)]	Loss: 0.016080
02-23 23:05:10 | Global Round : 1 | Local Epoch : 7 | [0/355 (0%)]	Loss: 0.134718
02-23 23:05:12 | Global Round : 1 | Local Epoch : 7 | [80/355 (22%)]	Loss: 0.058397
02-23 23:05:13 | Global Round : 1 | Local Epoch : 7 | [160/355 (44%)]	Loss: 0.203175
02-23 23:05:15 | Global Round : 1 | Local Epoch : 7 | [240/355 (67%)]	Loss: 0.001515
02-23 23:05:17 | Global Round : 1 | Local Epoch : 7 | [320/355 (89%)]	Loss: 0.011086
02-23 23:05:18 | Global Round : 1 | Local Epoch : 8 | [0/355 (0%)]	Loss: 0.014730
02-23 23:05:20 | Global Round : 1 | Local Epoch : 8 | [80/355 (22%)]	Loss: 0.113208
02-23 23:05:21 | Global Round : 1 | Local Epoch : 8 | [160/355 (44%)]	Loss: 0.007657
02-23 23:05:23 | Global Round : 1 | Local Epoch : 8 | [240/355 (67%)]	Loss: 0.183870
02-23 23:05:25 | Global Round : 1 | Local Epoch : 8 | [320/355 (89%)]	Loss: 0.032716
02-23 23:05:26 | Global Round : 1 | Local Epoch : 9 | [0/355 (0%)]	Loss: 0.023275
02-23 23:05:28 | Global Round : 1 | Local Epoch : 9 | [80/355 (22%)]	Loss: 0.222377
02-23 23:05:30 | Global Round : 1 | Local Epoch : 9 | [160/355 (44%)]	Loss: 0.014824
02-23 23:05:32 | Global Round : 1 | Local Epoch : 9 | [240/355 (67%)]	Loss: 0.107683
02-23 23:05:34 | Global Round : 1 | Local Epoch : 9 | [320/355 (89%)]	Loss: 0.296466
02-23 23:05:35 | Global Round : 1 | Local Epoch : 0 | [0/355 (0%)]	Loss: 0.904955
02-23 23:05:37 | Global Round : 1 | Local Epoch : 0 | [80/355 (22%)]	Loss: 1.320555
02-23 23:05:39 | Global Round : 1 | Local Epoch : 0 | [160/355 (44%)]	Loss: 0.683063
02-23 23:05:41 | Global Round : 1 | Local Epoch : 0 | [240/355 (67%)]	Loss: 0.390649
02-23 23:05:43 | Global Round : 1 | Local Epoch : 0 | [320/355 (89%)]	Loss: 0.682090
02-23 23:05:44 | Global Round : 1 | Local Epoch : 1 | [0/355 (0%)]	Loss: 0.487132
02-23 23:05:46 | Global Round : 1 | Local Epoch : 1 | [80/355 (22%)]	Loss: 0.585883
02-23 23:05:48 | Global Round : 1 | Local Epoch : 1 | [160/355 (44%)]	Loss: 0.733256
02-23 23:05:50 | Global Round : 1 | Local Epoch : 1 | [240/355 (67%)]	Loss: 0.089681
02-23 23:05:52 | Global Round : 1 | Local Epoch : 1 | [320/355 (89%)]	Loss: 0.399154
02-23 23:05:53 | Global Round : 1 | Local Epoch : 2 | [0/355 (0%)]	Loss: 0.233793
02-23 23:05:54 | Global Round : 1 | Local Epoch : 2 | [80/355 (22%)]	Loss: 0.116339
02-23 23:05:56 | Global Round : 1 | Local Epoch : 2 | [160/355 (44%)]	Loss: 0.049998
02-23 23:05:58 | Global Round : 1 | Local Epoch : 2 | [240/355 (67%)]	Loss: 0.705302
02-23 23:06:00 | Global Round : 1 | Local Epoch : 2 | [320/355 (89%)]	Loss: 0.031293
02-23 23:06:00 | Global Round : 1 | Local Epoch : 3 | [0/355 (0%)]	Loss: 0.255319
02-23 23:06:02 | Global Round : 1 | Local Epoch : 3 | [80/355 (22%)]	Loss: 0.029387
02-23 23:06:04 | Global Round : 1 | Local Epoch : 3 | [160/355 (44%)]	Loss: 0.012103
02-23 23:06:06 | Global Round : 1 | Local Epoch : 3 | [240/355 (67%)]	Loss: 0.010306
02-23 23:06:08 | Global Round : 1 | Local Epoch : 3 | [320/355 (89%)]	Loss: 0.401091
02-23 23:06:09 | Global Round : 1 | Local Epoch : 4 | [0/355 (0%)]	Loss: 0.297436
02-23 23:06:11 | Global Round : 1 | Local Epoch : 4 | [80/355 (22%)]	Loss: 0.020035
02-23 23:06:13 | Global Round : 1 | Local Epoch : 4 | [160/355 (44%)]	Loss: 0.308989
02-23 23:06:15 | Global Round : 1 | Local Epoch : 4 | [240/355 (67%)]	Loss: 0.156018
02-23 23:06:17 | Global Round : 1 | Local Epoch : 4 | [320/355 (89%)]	Loss: 0.026095
02-23 23:06:18 | Global Round : 1 | Local Epoch : 5 | [0/355 (0%)]	Loss: 0.005379
02-23 23:06:20 | Global Round : 1 | Local Epoch : 5 | [80/355 (22%)]	Loss: 0.281903
02-23 23:06:22 | Global Round : 1 | Local Epoch : 5 | [160/355 (44%)]	Loss: 0.068174
02-23 23:06:24 | Global Round : 1 | Local Epoch : 5 | [240/355 (67%)]	Loss: 0.097095
02-23 23:06:26 | Global Round : 1 | Local Epoch : 5 | [320/355 (89%)]	Loss: 0.016642
02-23 23:06:27 | Global Round : 1 | Local Epoch : 6 | [0/355 (0%)]	Loss: 0.148977
02-23 23:06:29 | Global Round : 1 | Local Epoch : 6 | [80/355 (22%)]	Loss: 0.019912
02-23 23:06:30 | Global Round : 1 | Local Epoch : 6 | [160/355 (44%)]	Loss: 0.267168
02-23 23:06:32 | Global Round : 1 | Local Epoch : 6 | [240/355 (67%)]	Loss: 0.217229
02-23 23:06:34 | Global Round : 1 | Local Epoch : 6 | [320/355 (89%)]	Loss: 0.009898
02-23 23:06:35 | Global Round : 1 | Local Epoch : 7 | [0/355 (0%)]	Loss: 0.002954
02-23 23:06:37 | Global Round : 1 | Local Epoch : 7 | [80/355 (22%)]	Loss: 0.007013
02-23 23:06:39 | Global Round : 1 | Local Epoch : 7 | [160/355 (44%)]	Loss: 0.006492
02-23 23:06:41 | Global Round : 1 | Local Epoch : 7 | [240/355 (67%)]	Loss: 0.188919
02-23 23:06:43 | Global Round : 1 | Local Epoch : 7 | [320/355 (89%)]	Loss: 0.008079
02-23 23:06:43 | Global Round : 1 | Local Epoch : 8 | [0/355 (0%)]	Loss: 0.316424
02-23 23:06:45 | Global Round : 1 | Local Epoch : 8 | [80/355 (22%)]	Loss: 0.039118
02-23 23:06:47 | Global Round : 1 | Local Epoch : 8 | [160/355 (44%)]	Loss: 0.413235
02-23 23:06:49 | Global Round : 1 | Local Epoch : 8 | [240/355 (67%)]	Loss: 0.035998
02-23 23:06:52 | Global Round : 1 | Local Epoch : 8 | [320/355 (89%)]	Loss: 0.555711
02-23 23:06:52 | Global Round : 1 | Local Epoch : 9 | [0/355 (0%)]	Loss: 0.459404
02-23 23:06:54 | Global Round : 1 | Local Epoch : 9 | [80/355 (22%)]	Loss: 1.174311
02-23 23:06:56 | Global Round : 1 | Local Epoch : 9 | [160/355 (44%)]	Loss: 0.050834
02-23 23:06:58 | Global Round : 1 | Local Epoch : 9 | [240/355 (67%)]	Loss: 0.416399
02-23 23:07:00 | Global Round : 1 | Local Epoch : 9 | [320/355 (89%)]	Loss: 0.123808
02-23 23:07:01 | Global Round : 1 | Local Epoch : 0 | [0/355 (0%)]	Loss: 1.465792
02-23 23:07:03 | Global Round : 1 | Local Epoch : 0 | [80/355 (22%)]	Loss: 0.483838
02-23 23:07:05 | Global Round : 1 | Local Epoch : 0 | [160/355 (44%)]	Loss: 0.462779
02-23 23:07:07 | Global Round : 1 | Local Epoch : 0 | [240/355 (67%)]	Loss: 0.633131
02-23 23:07:09 | Global Round : 1 | Local Epoch : 0 | [320/355 (89%)]	Loss: 0.443529
02-23 23:07:09 | Global Round : 1 | Local Epoch : 1 | [0/355 (0%)]	Loss: 0.201025
02-23 23:07:12 | Global Round : 1 | Local Epoch : 1 | [80/355 (22%)]	Loss: 0.282166
02-23 23:07:14 | Global Round : 1 | Local Epoch : 1 | [160/355 (44%)]	Loss: 0.371123
02-23 23:07:16 | Global Round : 1 | Local Epoch : 1 | [240/355 (67%)]	Loss: 0.622324
02-23 23:07:17 | Global Round : 1 | Local Epoch : 1 | [320/355 (89%)]	Loss: 0.376885
02-23 23:07:18 | Global Round : 1 | Local Epoch : 2 | [0/355 (0%)]	Loss: 0.201602
02-23 23:07:20 | Global Round : 1 | Local Epoch : 2 | [80/355 (22%)]	Loss: 0.005938
02-23 23:07:22 | Global Round : 1 | Local Epoch : 2 | [160/355 (44%)]	Loss: 0.374242
02-23 23:07:24 | Global Round : 1 | Local Epoch : 2 | [240/355 (67%)]	Loss: 0.049769
02-23 23:07:26 | Global Round : 1 | Local Epoch : 2 | [320/355 (89%)]	Loss: 0.334932
02-23 23:07:27 | Global Round : 1 | Local Epoch : 3 | [0/355 (0%)]	Loss: 0.116156
02-23 23:07:29 | Global Round : 1 | Local Epoch : 3 | [80/355 (22%)]	Loss: 0.134797
02-23 23:07:31 | Global Round : 1 | Local Epoch : 3 | [160/355 (44%)]	Loss: 0.609011
02-23 23:07:33 | Global Round : 1 | Local Epoch : 3 | [240/355 (67%)]	Loss: 0.144015
02-23 23:07:34 | Global Round : 1 | Local Epoch : 3 | [320/355 (89%)]	Loss: 0.558230
02-23 23:07:35 | Global Round : 1 | Local Epoch : 4 | [0/355 (0%)]	Loss: 0.193935
02-23 23:07:37 | Global Round : 1 | Local Epoch : 4 | [80/355 (22%)]	Loss: 0.540535
02-23 23:07:39 | Global Round : 1 | Local Epoch : 4 | [160/355 (44%)]	Loss: 0.033824
02-23 23:07:41 | Global Round : 1 | Local Epoch : 4 | [240/355 (67%)]	Loss: 0.016394
02-23 23:07:43 | Global Round : 1 | Local Epoch : 4 | [320/355 (89%)]	Loss: 0.399543
02-23 23:07:43 | Global Round : 1 | Local Epoch : 5 | [0/355 (0%)]	Loss: 0.039302
02-23 23:07:45 | Global Round : 1 | Local Epoch : 5 | [80/355 (22%)]	Loss: 0.007124
02-23 23:07:47 | Global Round : 1 | Local Epoch : 5 | [160/355 (44%)]	Loss: 0.007350
02-23 23:07:49 | Global Round : 1 | Local Epoch : 5 | [240/355 (67%)]	Loss: 0.012571
02-23 23:07:51 | Global Round : 1 | Local Epoch : 5 | [320/355 (89%)]	Loss: 0.236575
02-23 23:07:52 | Global Round : 1 | Local Epoch : 6 | [0/355 (0%)]	Loss: 0.086550
02-23 23:07:54 | Global Round : 1 | Local Epoch : 6 | [80/355 (22%)]	Loss: 0.016445
02-23 23:07:56 | Global Round : 1 | Local Epoch : 6 | [160/355 (44%)]	Loss: 0.030576
02-23 23:07:57 | Global Round : 1 | Local Epoch : 6 | [240/355 (67%)]	Loss: 0.166402
02-23 23:07:59 | Global Round : 1 | Local Epoch : 6 | [320/355 (89%)]	Loss: 0.010653
02-23 23:08:00 | Global Round : 1 | Local Epoch : 7 | [0/355 (0%)]	Loss: 0.003132
02-23 23:08:02 | Global Round : 1 | Local Epoch : 7 | [80/355 (22%)]	Loss: 0.018921
02-23 23:08:04 | Global Round : 1 | Local Epoch : 7 | [160/355 (44%)]	Loss: 0.026795
02-23 23:08:06 | Global Round : 1 | Local Epoch : 7 | [240/355 (67%)]	Loss: 0.022855
02-23 23:08:08 | Global Round : 1 | Local Epoch : 7 | [320/355 (89%)]	Loss: 0.012218
02-23 23:08:08 | Global Round : 1 | Local Epoch : 8 | [0/355 (0%)]	Loss: 0.003361
02-23 23:08:11 | Global Round : 1 | Local Epoch : 8 | [80/355 (22%)]	Loss: 0.002321
02-23 23:08:12 | Global Round : 1 | Local Epoch : 8 | [160/355 (44%)]	Loss: 0.004004
02-23 23:08:14 | Global Round : 1 | Local Epoch : 8 | [240/355 (67%)]	Loss: 0.015515
02-23 23:08:16 | Global Round : 1 | Local Epoch : 8 | [320/355 (89%)]	Loss: 0.319629
02-23 23:08:17 | Global Round : 1 | Local Epoch : 9 | [0/355 (0%)]	Loss: 0.039716
02-23 23:08:20 | Global Round : 1 | Local Epoch : 9 | [80/355 (22%)]	Loss: 0.316251
02-23 23:08:22 | Global Round : 1 | Local Epoch : 9 | [160/355 (44%)]	Loss: 0.124106
02-23 23:08:23 | Global Round : 1 | Local Epoch : 9 | [240/355 (67%)]	Loss: 0.188413
02-23 23:08:25 | Global Round : 1 | Local Epoch : 9 | [320/355 (89%)]	Loss: 0.178536
02-23 23:08:47  
Avg Training Stats after 2 global rounds:
02-23 23:08:47 Training Loss : 0.3786356074301447
02-23 23:08:47 Train Accuracy: 90.76% 

02-23 23:08:47 
 | Global Training Round : 3 |

02-23 23:08:48 | Global Round : 2 | Local Epoch : 0 | [0/355 (0%)]	Loss: 0.013623
02-23 23:08:50 | Global Round : 2 | Local Epoch : 0 | [80/355 (22%)]	Loss: 0.006455
02-23 23:08:52 | Global Round : 2 | Local Epoch : 0 | [160/355 (44%)]	Loss: 0.157512
02-23 23:08:54 | Global Round : 2 | Local Epoch : 0 | [240/355 (67%)]	Loss: 0.200293
02-23 23:08:55 | Global Round : 2 | Local Epoch : 0 | [320/355 (89%)]	Loss: 0.138329
02-23 23:08:56 | Global Round : 2 | Local Epoch : 1 | [0/355 (0%)]	Loss: 0.019479
02-23 23:08:58 | Global Round : 2 | Local Epoch : 1 | [80/355 (22%)]	Loss: 0.048199
02-23 23:09:00 | Global Round : 2 | Local Epoch : 1 | [160/355 (44%)]	Loss: 0.777821
02-23 23:09:02 | Global Round : 2 | Local Epoch : 1 | [240/355 (67%)]	Loss: 0.018009
02-23 23:09:04 | Global Round : 2 | Local Epoch : 1 | [320/355 (89%)]	Loss: 0.434102
02-23 23:09:05 | Global Round : 2 | Local Epoch : 2 | [0/355 (0%)]	Loss: 0.279856
02-23 23:09:07 | Global Round : 2 | Local Epoch : 2 | [80/355 (22%)]	Loss: 0.125811
02-23 23:09:09 | Global Round : 2 | Local Epoch : 2 | [160/355 (44%)]	Loss: 0.019178
02-23 23:09:11 | Global Round : 2 | Local Epoch : 2 | [240/355 (67%)]	Loss: 0.701017
02-23 23:09:13 | Global Round : 2 | Local Epoch : 2 | [320/355 (89%)]	Loss: 0.157336
02-23 23:09:14 | Global Round : 2 | Local Epoch : 3 | [0/355 (0%)]	Loss: 0.036344
02-23 23:09:16 | Global Round : 2 | Local Epoch : 3 | [80/355 (22%)]	Loss: 0.010414
02-23 23:09:18 | Global Round : 2 | Local Epoch : 3 | [160/355 (44%)]	Loss: 0.005910
02-23 23:09:20 | Global Round : 2 | Local Epoch : 3 | [240/355 (67%)]	Loss: 0.170240
02-23 23:09:22 | Global Round : 2 | Local Epoch : 3 | [320/355 (89%)]	Loss: 0.006879
02-23 23:09:23 | Global Round : 2 | Local Epoch : 4 | [0/355 (0%)]	Loss: 0.002579
02-23 23:09:24 | Global Round : 2 | Local Epoch : 4 | [80/355 (22%)]	Loss: 0.030124
02-23 23:09:26 | Global Round : 2 | Local Epoch : 4 | [160/355 (44%)]	Loss: 0.010258
02-23 23:09:28 | Global Round : 2 | Local Epoch : 4 | [240/355 (67%)]	Loss: 0.000215
02-23 23:09:30 | Global Round : 2 | Local Epoch : 4 | [320/355 (89%)]	Loss: 0.232202
02-23 23:09:31 | Global Round : 2 | Local Epoch : 5 | [0/355 (0%)]	Loss: 0.001317
02-23 23:09:33 | Global Round : 2 | Local Epoch : 5 | [80/355 (22%)]	Loss: 0.005704
02-23 23:09:35 | Global Round : 2 | Local Epoch : 5 | [160/355 (44%)]	Loss: 0.014138
02-23 23:09:37 | Global Round : 2 | Local Epoch : 5 | [240/355 (67%)]	Loss: 0.004437
02-23 23:09:39 | Global Round : 2 | Local Epoch : 5 | [320/355 (89%)]	Loss: 0.018735
02-23 23:09:40 | Global Round : 2 | Local Epoch : 6 | [0/355 (0%)]	Loss: 0.000893
02-23 23:09:42 | Global Round : 2 | Local Epoch : 6 | [80/355 (22%)]	Loss: 0.002816
02-23 23:09:44 | Global Round : 2 | Local Epoch : 6 | [160/355 (44%)]	Loss: 0.125046
02-23 23:09:46 | Global Round : 2 | Local Epoch : 6 | [240/355 (67%)]	Loss: 0.020768
02-23 23:09:47 | Global Round : 2 | Local Epoch : 6 | [320/355 (89%)]	Loss: 0.007179
02-23 23:09:48 | Global Round : 2 | Local Epoch : 7 | [0/355 (0%)]	Loss: 0.014132
02-23 23:09:50 | Global Round : 2 | Local Epoch : 7 | [80/355 (22%)]	Loss: 0.000379
02-23 23:09:52 | Global Round : 2 | Local Epoch : 7 | [160/355 (44%)]	Loss: 0.001302
02-23 23:09:54 | Global Round : 2 | Local Epoch : 7 | [240/355 (67%)]	Loss: 0.006368
02-23 23:09:56 | Global Round : 2 | Local Epoch : 7 | [320/355 (89%)]	Loss: 0.000947
02-23 23:09:57 | Global Round : 2 | Local Epoch : 8 | [0/355 (0%)]	Loss: 0.025114
02-23 23:09:59 | Global Round : 2 | Local Epoch : 8 | [80/355 (22%)]	Loss: 0.025928
02-23 23:10:01 | Global Round : 2 | Local Epoch : 8 | [160/355 (44%)]	Loss: 0.010245
02-23 23:10:03 | Global Round : 2 | Local Epoch : 8 | [240/355 (67%)]	Loss: 0.002842
02-23 23:10:05 | Global Round : 2 | Local Epoch : 8 | [320/355 (89%)]	Loss: 0.049122
02-23 23:10:06 | Global Round : 2 | Local Epoch : 9 | [0/355 (0%)]	Loss: 0.009623
02-23 23:10:07 | Global Round : 2 | Local Epoch : 9 | [80/355 (22%)]	Loss: 0.005194
02-23 23:10:09 | Global Round : 2 | Local Epoch : 9 | [160/355 (44%)]	Loss: 0.024281
02-23 23:10:11 | Global Round : 2 | Local Epoch : 9 | [240/355 (67%)]	Loss: 0.014133
02-23 23:10:13 | Global Round : 2 | Local Epoch : 9 | [320/355 (89%)]	Loss: 0.001966
02-23 23:10:14 | Global Round : 2 | Local Epoch : 0 | [0/355 (0%)]	Loss: 0.079011
02-23 23:10:16 | Global Round : 2 | Local Epoch : 0 | [80/355 (22%)]	Loss: 0.464503
02-23 23:10:17 | Global Round : 2 | Local Epoch : 0 | [160/355 (44%)]	Loss: 0.039767
02-23 23:10:19 | Global Round : 2 | Local Epoch : 0 | [240/355 (67%)]	Loss: 0.551541
02-23 23:10:21 | Global Round : 2 | Local Epoch : 0 | [320/355 (89%)]	Loss: 0.135829
02-23 23:10:22 | Global Round : 2 | Local Epoch : 1 | [0/355 (0%)]	Loss: 0.978366
02-23 23:10:24 | Global Round : 2 | Local Epoch : 1 | [80/355 (22%)]	Loss: 0.078626
02-23 23:10:26 | Global Round : 2 | Local Epoch : 1 | [160/355 (44%)]	Loss: 0.159924
02-23 23:10:28 | Global Round : 2 | Local Epoch : 1 | [240/355 (67%)]	Loss: 0.085959
02-23 23:10:30 | Global Round : 2 | Local Epoch : 1 | [320/355 (89%)]	Loss: 0.041288
02-23 23:10:31 | Global Round : 2 | Local Epoch : 2 | [0/355 (0%)]	Loss: 0.034786
02-23 23:10:33 | Global Round : 2 | Local Epoch : 2 | [80/355 (22%)]	Loss: 0.001791
02-23 23:10:35 | Global Round : 2 | Local Epoch : 2 | [160/355 (44%)]	Loss: 0.024765
02-23 23:10:37 | Global Round : 2 | Local Epoch : 2 | [240/355 (67%)]	Loss: 0.041487
02-23 23:10:39 | Global Round : 2 | Local Epoch : 2 | [320/355 (89%)]	Loss: 0.176667
02-23 23:10:40 | Global Round : 2 | Local Epoch : 3 | [0/355 (0%)]	Loss: 0.022848
02-23 23:10:42 | Global Round : 2 | Local Epoch : 3 | [80/355 (22%)]	Loss: 0.029726
02-23 23:10:44 | Global Round : 2 | Local Epoch : 3 | [160/355 (44%)]	Loss: 0.011597
02-23 23:10:45 | Global Round : 2 | Local Epoch : 3 | [240/355 (67%)]	Loss: 0.098077
02-23 23:10:47 | Global Round : 2 | Local Epoch : 3 | [320/355 (89%)]	Loss: 0.007633
02-23 23:10:48 | Global Round : 2 | Local Epoch : 4 | [0/355 (0%)]	Loss: 0.001333
02-23 23:10:50 | Global Round : 2 | Local Epoch : 4 | [80/355 (22%)]	Loss: 0.010515
02-23 23:10:52 | Global Round : 2 | Local Epoch : 4 | [160/355 (44%)]	Loss: 0.012262
02-23 23:10:54 | Global Round : 2 | Local Epoch : 4 | [240/355 (67%)]	Loss: 0.065577
02-23 23:10:55 | Global Round : 2 | Local Epoch : 4 | [320/355 (89%)]	Loss: 0.012408
02-23 23:10:56 | Global Round : 2 | Local Epoch : 5 | [0/355 (0%)]	Loss: 0.609189
02-23 23:10:58 | Global Round : 2 | Local Epoch : 5 | [80/355 (22%)]	Loss: 0.035288
02-23 23:11:00 | Global Round : 2 | Local Epoch : 5 | [160/355 (44%)]	Loss: 0.007210
02-23 23:11:02 | Global Round : 2 | Local Epoch : 5 | [240/355 (67%)]	Loss: 0.009801
02-23 23:11:04 | Global Round : 2 | Local Epoch : 5 | [320/355 (89%)]	Loss: 0.005614
02-23 23:11:05 | Global Round : 2 | Local Epoch : 6 | [0/355 (0%)]	Loss: 0.000633
02-23 23:11:06 | Global Round : 2 | Local Epoch : 6 | [80/355 (22%)]	Loss: 0.640295
02-23 23:11:08 | Global Round : 2 | Local Epoch : 6 | [160/355 (44%)]	Loss: 0.466273
02-23 23:11:10 | Global Round : 2 | Local Epoch : 6 | [240/355 (67%)]	Loss: 0.244541
02-23 23:11:12 | Global Round : 2 | Local Epoch : 6 | [320/355 (89%)]	Loss: 0.262303
02-23 23:11:13 | Global Round : 2 | Local Epoch : 7 | [0/355 (0%)]	Loss: 0.033985
02-23 23:11:15 | Global Round : 2 | Local Epoch : 7 | [80/355 (22%)]	Loss: 0.030953
02-23 23:11:18 | Global Round : 2 | Local Epoch : 7 | [160/355 (44%)]	Loss: 0.063593
02-23 23:11:20 | Global Round : 2 | Local Epoch : 7 | [240/355 (67%)]	Loss: 0.003884
02-23 23:11:22 | Global Round : 2 | Local Epoch : 7 | [320/355 (89%)]	Loss: 0.000581
02-23 23:11:23 | Global Round : 2 | Local Epoch : 8 | [0/355 (0%)]	Loss: 0.001679
02-23 23:11:25 | Global Round : 2 | Local Epoch : 8 | [80/355 (22%)]	Loss: 0.015493
02-23 23:11:27 | Global Round : 2 | Local Epoch : 8 | [160/355 (44%)]	Loss: 0.167747
02-23 23:11:29 | Global Round : 2 | Local Epoch : 8 | [240/355 (67%)]	Loss: 0.045245
02-23 23:11:31 | Global Round : 2 | Local Epoch : 8 | [320/355 (89%)]	Loss: 0.037207
02-23 23:11:31 | Global Round : 2 | Local Epoch : 9 | [0/355 (0%)]	Loss: 0.003076
02-23 23:11:34 | Global Round : 2 | Local Epoch : 9 | [80/355 (22%)]	Loss: 0.038731
02-23 23:11:35 | Global Round : 2 | Local Epoch : 9 | [160/355 (44%)]	Loss: 0.008602
02-23 23:11:37 | Global Round : 2 | Local Epoch : 9 | [240/355 (67%)]	Loss: 0.998545
02-23 23:11:39 | Global Round : 2 | Local Epoch : 9 | [320/355 (89%)]	Loss: 0.048627
02-23 23:11:40 | Global Round : 2 | Local Epoch : 0 | [0/355 (0%)]	Loss: 0.041331
02-23 23:11:42 | Global Round : 2 | Local Epoch : 0 | [80/355 (22%)]	Loss: 1.084495
02-23 23:11:43 | Global Round : 2 | Local Epoch : 0 | [160/355 (44%)]	Loss: 0.010087
02-23 23:11:45 | Global Round : 2 | Local Epoch : 0 | [240/355 (67%)]	Loss: 0.564935
02-23 23:11:47 | Global Round : 2 | Local Epoch : 0 | [320/355 (89%)]	Loss: 0.006197
02-23 23:11:48 | Global Round : 2 | Local Epoch : 1 | [0/355 (0%)]	Loss: 0.689023
02-23 23:11:50 | Global Round : 2 | Local Epoch : 1 | [80/355 (22%)]	Loss: 0.014309
02-23 23:11:52 | Global Round : 2 | Local Epoch : 1 | [160/355 (44%)]	Loss: 0.004606
02-23 23:11:54 | Global Round : 2 | Local Epoch : 1 | [240/355 (67%)]	Loss: 0.032552
02-23 23:11:56 | Global Round : 2 | Local Epoch : 1 | [320/355 (89%)]	Loss: 0.275158
02-23 23:11:57 | Global Round : 2 | Local Epoch : 2 | [0/355 (0%)]	Loss: 0.001486
02-23 23:11:59 | Global Round : 2 | Local Epoch : 2 | [80/355 (22%)]	Loss: 0.023915
02-23 23:12:00 | Global Round : 2 | Local Epoch : 2 | [160/355 (44%)]	Loss: 0.052457
02-23 23:12:02 | Global Round : 2 | Local Epoch : 2 | [240/355 (67%)]	Loss: 0.004420
02-23 23:12:04 | Global Round : 2 | Local Epoch : 2 | [320/355 (89%)]	Loss: 0.195097
02-23 23:12:05 | Global Round : 2 | Local Epoch : 3 | [0/355 (0%)]	Loss: 0.023153
02-23 23:12:07 | Global Round : 2 | Local Epoch : 3 | [80/355 (22%)]	Loss: 0.049398
02-23 23:12:09 | Global Round : 2 | Local Epoch : 3 | [160/355 (44%)]	Loss: 0.275076
02-23 23:12:11 | Global Round : 2 | Local Epoch : 3 | [240/355 (67%)]	Loss: 0.003238
02-23 23:12:13 | Global Round : 2 | Local Epoch : 3 | [320/355 (89%)]	Loss: 0.010338
02-23 23:12:14 | Global Round : 2 | Local Epoch : 4 | [0/355 (0%)]	Loss: 0.021405
02-23 23:12:16 | Global Round : 2 | Local Epoch : 4 | [80/355 (22%)]	Loss: 0.030019
02-23 23:12:17 | Global Round : 2 | Local Epoch : 4 | [160/355 (44%)]	Loss: 0.033895
02-23 23:12:19 | Global Round : 2 | Local Epoch : 4 | [240/355 (67%)]	Loss: 0.019008
02-23 23:12:21 | Global Round : 2 | Local Epoch : 4 | [320/355 (89%)]	Loss: 0.003823
02-23 23:12:22 | Global Round : 2 | Local Epoch : 5 | [0/355 (0%)]	Loss: 0.007128
02-23 23:12:24 | Global Round : 2 | Local Epoch : 5 | [80/355 (22%)]	Loss: 0.017196
02-23 23:12:26 | Global Round : 2 | Local Epoch : 5 | [160/355 (44%)]	Loss: 0.669616
02-23 23:12:28 | Global Round : 2 | Local Epoch : 5 | [240/355 (67%)]	Loss: 0.475009
02-23 23:12:30 | Global Round : 2 | Local Epoch : 5 | [320/355 (89%)]	Loss: 0.647942
02-23 23:12:31 | Global Round : 2 | Local Epoch : 6 | [0/355 (0%)]	Loss: 0.004535
02-23 23:12:33 | Global Round : 2 | Local Epoch : 6 | [80/355 (22%)]	Loss: 0.118737
02-23 23:12:34 | Global Round : 2 | Local Epoch : 6 | [160/355 (44%)]	Loss: 0.001110
02-23 23:12:36 | Global Round : 2 | Local Epoch : 6 | [240/355 (67%)]	Loss: 0.240301
02-23 23:12:38 | Global Round : 2 | Local Epoch : 6 | [320/355 (89%)]	Loss: 0.312877
02-23 23:12:39 | Global Round : 2 | Local Epoch : 7 | [0/355 (0%)]	Loss: 0.005765
02-23 23:12:41 | Global Round : 2 | Local Epoch : 7 | [80/355 (22%)]	Loss: 0.013091
02-23 23:12:43 | Global Round : 2 | Local Epoch : 7 | [160/355 (44%)]	Loss: 0.049301
02-23 23:12:45 | Global Round : 2 | Local Epoch : 7 | [240/355 (67%)]	Loss: 0.288629
02-23 23:12:47 | Global Round : 2 | Local Epoch : 7 | [320/355 (89%)]	Loss: 0.141797
02-23 23:12:48 | Global Round : 2 | Local Epoch : 8 | [0/355 (0%)]	Loss: 0.004224
02-23 23:12:50 | Global Round : 2 | Local Epoch : 8 | [80/355 (22%)]	Loss: 0.002699
02-23 23:12:51 | Global Round : 2 | Local Epoch : 8 | [160/355 (44%)]	Loss: 0.001944
02-23 23:12:53 | Global Round : 2 | Local Epoch : 8 | [240/355 (67%)]	Loss: 0.001899
02-23 23:12:55 | Global Round : 2 | Local Epoch : 8 | [320/355 (89%)]	Loss: 0.001662
02-23 23:12:56 | Global Round : 2 | Local Epoch : 9 | [0/355 (0%)]	Loss: 0.028008
02-23 23:12:58 | Global Round : 2 | Local Epoch : 9 | [80/355 (22%)]	Loss: 0.046623
02-23 23:13:00 | Global Round : 2 | Local Epoch : 9 | [160/355 (44%)]	Loss: 0.004747
02-23 23:13:02 | Global Round : 2 | Local Epoch : 9 | [240/355 (67%)]	Loss: 0.002823
02-23 23:13:03 | Global Round : 2 | Local Epoch : 9 | [320/355 (89%)]	Loss: 0.001219
02-23 23:13:04 | Global Round : 2 | Local Epoch : 0 | [0/355 (0%)]	Loss: 0.072351
02-23 23:13:06 | Global Round : 2 | Local Epoch : 0 | [80/355 (22%)]	Loss: 1.192347
02-23 23:13:08 | Global Round : 2 | Local Epoch : 0 | [160/355 (44%)]	Loss: 0.017934
02-23 23:13:10 | Global Round : 2 | Local Epoch : 0 | [240/355 (67%)]	Loss: 0.041928
02-23 23:13:11 | Global Round : 2 | Local Epoch : 0 | [320/355 (89%)]	Loss: 0.442768
02-23 23:13:12 | Global Round : 2 | Local Epoch : 1 | [0/355 (0%)]	Loss: 0.252439
02-23 23:13:14 | Global Round : 2 | Local Epoch : 1 | [80/355 (22%)]	Loss: 0.063039
02-23 23:13:16 | Global Round : 2 | Local Epoch : 1 | [160/355 (44%)]	Loss: 0.005849
02-23 23:13:18 | Global Round : 2 | Local Epoch : 1 | [240/355 (67%)]	Loss: 0.097824
02-23 23:13:20 | Global Round : 2 | Local Epoch : 1 | [320/355 (89%)]	Loss: 0.183867
02-23 23:13:21 | Global Round : 2 | Local Epoch : 2 | [0/355 (0%)]	Loss: 0.035408
02-23 23:13:23 | Global Round : 2 | Local Epoch : 2 | [80/355 (22%)]	Loss: 0.126495
02-23 23:13:25 | Global Round : 2 | Local Epoch : 2 | [160/355 (44%)]	Loss: 0.022753
02-23 23:13:27 | Global Round : 2 | Local Epoch : 2 | [240/355 (67%)]	Loss: 0.004620
02-23 23:13:29 | Global Round : 2 | Local Epoch : 2 | [320/355 (89%)]	Loss: 0.001372
02-23 23:13:29 | Global Round : 2 | Local Epoch : 3 | [0/355 (0%)]	Loss: 0.004063
02-23 23:13:31 | Global Round : 2 | Local Epoch : 3 | [80/355 (22%)]	Loss: 0.047483
02-23 23:13:33 | Global Round : 2 | Local Epoch : 3 | [160/355 (44%)]	Loss: 0.011791
02-23 23:13:35 | Global Round : 2 | Local Epoch : 3 | [240/355 (67%)]	Loss: 0.001951
02-23 23:13:37 | Global Round : 2 | Local Epoch : 3 | [320/355 (89%)]	Loss: 0.000880
02-23 23:13:38 | Global Round : 2 | Local Epoch : 4 | [0/355 (0%)]	Loss: 0.001147
02-23 23:13:40 | Global Round : 2 | Local Epoch : 4 | [80/355 (22%)]	Loss: 0.011280
02-23 23:13:42 | Global Round : 2 | Local Epoch : 4 | [160/355 (44%)]	Loss: 0.000356
02-23 23:13:44 | Global Round : 2 | Local Epoch : 4 | [240/355 (67%)]	Loss: 0.003348
02-23 23:13:45 | Global Round : 2 | Local Epoch : 4 | [320/355 (89%)]	Loss: 0.475689
02-23 23:13:46 | Global Round : 2 | Local Epoch : 5 | [0/355 (0%)]	Loss: 0.071195
02-23 23:13:48 | Global Round : 2 | Local Epoch : 5 | [80/355 (22%)]	Loss: 0.192348
02-23 23:13:50 | Global Round : 2 | Local Epoch : 5 | [160/355 (44%)]	Loss: 0.002235
02-23 23:13:52 | Global Round : 2 | Local Epoch : 5 | [240/355 (67%)]	Loss: 0.109384
02-23 23:13:54 | Global Round : 2 | Local Epoch : 5 | [320/355 (89%)]	Loss: 0.098972
02-23 23:13:55 | Global Round : 2 | Local Epoch : 6 | [0/355 (0%)]	Loss: 0.043802
02-23 23:13:57 | Global Round : 2 | Local Epoch : 6 | [80/355 (22%)]	Loss: 0.113439
02-23 23:13:59 | Global Round : 2 | Local Epoch : 6 | [160/355 (44%)]	Loss: 0.148569
02-23 23:14:00 | Global Round : 2 | Local Epoch : 6 | [240/355 (67%)]	Loss: 0.084867
02-23 23:14:02 | Global Round : 2 | Local Epoch : 6 | [320/355 (89%)]	Loss: 0.000099
02-23 23:14:03 | Global Round : 2 | Local Epoch : 7 | [0/355 (0%)]	Loss: 0.561074
02-23 23:14:05 | Global Round : 2 | Local Epoch : 7 | [80/355 (22%)]	Loss: 0.040813
02-23 23:14:07 | Global Round : 2 | Local Epoch : 7 | [160/355 (44%)]	Loss: 0.001209
02-23 23:14:09 | Global Round : 2 | Local Epoch : 7 | [240/355 (67%)]	Loss: 0.018857
02-23 23:14:11 | Global Round : 2 | Local Epoch : 7 | [320/355 (89%)]	Loss: 0.001208
02-23 23:14:12 | Global Round : 2 | Local Epoch : 8 | [0/355 (0%)]	Loss: 0.007321
02-23 23:14:14 | Global Round : 2 | Local Epoch : 8 | [80/355 (22%)]	Loss: 0.019529
02-23 23:14:16 | Global Round : 2 | Local Epoch : 8 | [160/355 (44%)]	Loss: 0.001068
02-23 23:14:17 | Global Round : 2 | Local Epoch : 8 | [240/355 (67%)]	Loss: 0.004582
02-23 23:14:19 | Global Round : 2 | Local Epoch : 8 | [320/355 (89%)]	Loss: 0.006256
02-23 23:14:20 | Global Round : 2 | Local Epoch : 9 | [0/355 (0%)]	Loss: 0.000494
02-23 23:14:22 | Global Round : 2 | Local Epoch : 9 | [80/355 (22%)]	Loss: 0.006420
02-23 23:14:24 | Global Round : 2 | Local Epoch : 9 | [160/355 (44%)]	Loss: 0.021997
02-23 23:14:26 | Global Round : 2 | Local Epoch : 9 | [240/355 (67%)]	Loss: 0.000465
02-23 23:14:28 | Global Round : 2 | Local Epoch : 9 | [320/355 (89%)]	Loss: 0.008951
02-23 23:14:29 | Global Round : 2 | Local Epoch : 0 | [0/355 (0%)]	Loss: 0.324966
02-23 23:14:31 | Global Round : 2 | Local Epoch : 0 | [80/355 (22%)]	Loss: 0.241363
02-23 23:14:32 | Global Round : 2 | Local Epoch : 0 | [160/355 (44%)]	Loss: 0.327397
02-23 23:14:34 | Global Round : 2 | Local Epoch : 0 | [240/355 (67%)]	Loss: 0.040397
