02-25 21:27:48 model_name: cnn_2d
02-25 21:27:48 data_name: CWRUSTFT
02-25 21:27:48 data_dir: ..//CWRU
02-25 21:27:48 normlizetype: mean-std
02-25 21:27:48 processing_type: R_A
02-25 21:27:48 cuda_device: 0
02-25 21:27:48 checkpoint_dir: ./checkpoint
02-25 21:27:48 pretrained: True
02-25 21:27:48 batch_size: 64
02-25 21:27:48 num_workers: 0
02-25 21:27:48 opt: adam
02-25 21:27:48 lr: 0.001
02-25 21:27:48 momentum: 0.9
02-25 21:27:48 weight_decay: 1e-05
02-25 21:27:48 lr_scheduler: fix
02-25 21:27:48 gamma: 0.1
02-25 21:27:48 steps: 9
02-25 21:27:48 max_epoch: 100
02-25 21:27:48 print_step: 100
02-25 21:27:48 iid: 0
02-25 21:27:48 num_users: 10
02-25 21:27:48 local_ep: 10
02-25 21:27:48 local_bs: 8
02-25 21:27:48 train_type: train_federated
02-25 21:27:48 num_classes: 10
02-25 21:27:48 stopping_rounds: 10
02-25 21:27:48 verbose: 1
02-25 21:27:48 seed: 1
02-25 21:27:48 epochs: 10
02-25 21:27:48 frac: 0.5
02-25 21:27:48 using 1 gpus
02-25 21:27:55 
 | Global Training Round : 1 |

02-25 21:27:56 | Global Round : 0 | Client : 7 | Local Epoch : 0 | [0/321 (0%)]	Loss: 2.539750
02-25 21:27:58 | Global Round : 0 | Client : 7 | Local Epoch : 0 | [80/321 (24%)]	Loss: 1.041966
02-25 21:27:59 | Global Round : 0 | Client : 7 | Local Epoch : 0 | [160/321 (49%)]	Loss: 1.355545
02-25 21:28:01 | Global Round : 0 | Client : 7 | Local Epoch : 0 | [240/321 (73%)]	Loss: 0.703367
02-25 21:28:02 | Global Round : 0 | Client : 7 | Local Epoch : 0 | [40/321 (98%)]	Loss: 0.000004
02-25 21:28:02 | Global Round : 0 | Client : 7 | Local Epoch : 1 | [0/321 (0%)]	Loss: 0.995253
02-25 21:28:04 | Global Round : 0 | Client : 7 | Local Epoch : 1 | [80/321 (24%)]	Loss: 0.990762
02-25 21:28:06 | Global Round : 0 | Client : 7 | Local Epoch : 1 | [160/321 (49%)]	Loss: 0.326623
02-25 21:28:08 | Global Round : 0 | Client : 7 | Local Epoch : 1 | [240/321 (73%)]	Loss: 0.331648
02-25 21:28:09 | Global Round : 0 | Client : 7 | Local Epoch : 1 | [40/321 (98%)]	Loss: 0.000003
02-25 21:28:09 | Global Round : 0 | Client : 7 | Local Epoch : 2 | [0/321 (0%)]	Loss: 0.449215
02-25 21:28:11 | Global Round : 0 | Client : 7 | Local Epoch : 2 | [80/321 (24%)]	Loss: 0.093853
02-25 21:28:12 | Global Round : 0 | Client : 7 | Local Epoch : 2 | [160/321 (49%)]	Loss: 0.300725
02-25 21:28:14 | Global Round : 0 | Client : 7 | Local Epoch : 2 | [240/321 (73%)]	Loss: 0.555179
02-25 21:28:16 | Global Round : 0 | Client : 7 | Local Epoch : 2 | [40/321 (98%)]	Loss: 0.000000
02-25 21:28:16 | Global Round : 0 | Client : 7 | Local Epoch : 3 | [0/321 (0%)]	Loss: 0.572450
02-25 21:28:18 | Global Round : 0 | Client : 7 | Local Epoch : 3 | [80/321 (24%)]	Loss: 0.197927
02-25 21:28:20 | Global Round : 0 | Client : 7 | Local Epoch : 3 | [160/321 (49%)]	Loss: 0.474953
02-25 21:28:22 | Global Round : 0 | Client : 7 | Local Epoch : 3 | [240/321 (73%)]	Loss: 0.060026
02-25 21:28:23 | Global Round : 0 | Client : 7 | Local Epoch : 3 | [40/321 (98%)]	Loss: 0.000000
02-25 21:28:23 | Global Round : 0 | Client : 7 | Local Epoch : 4 | [0/321 (0%)]	Loss: 0.788462
02-25 21:28:25 | Global Round : 0 | Client : 7 | Local Epoch : 4 | [80/321 (24%)]	Loss: 0.265061
02-25 21:28:26 | Global Round : 0 | Client : 7 | Local Epoch : 4 | [160/321 (49%)]	Loss: 0.081215
02-25 21:28:28 | Global Round : 0 | Client : 7 | Local Epoch : 4 | [240/321 (73%)]	Loss: 0.558845
02-25 21:28:29 | Global Round : 0 | Client : 7 | Local Epoch : 4 | [40/321 (98%)]	Loss: 0.000000
02-25 21:28:29 | Global Round : 0 | Client : 7 | Local Epoch : 5 | [0/321 (0%)]	Loss: 0.240284
02-25 21:28:31 | Global Round : 0 | Client : 7 | Local Epoch : 5 | [80/321 (24%)]	Loss: 0.236269
02-25 21:28:33 | Global Round : 0 | Client : 7 | Local Epoch : 5 | [160/321 (49%)]	Loss: 0.120429
02-25 21:28:34 | Global Round : 0 | Client : 7 | Local Epoch : 5 | [240/321 (73%)]	Loss: 0.078427
02-25 21:28:35 | Global Round : 0 | Client : 7 | Local Epoch : 5 | [40/321 (98%)]	Loss: 0.267589
02-25 21:28:35 | Global Round : 0 | Client : 7 | Local Epoch : 6 | [0/321 (0%)]	Loss: 0.171673
02-25 21:28:37 | Global Round : 0 | Client : 7 | Local Epoch : 6 | [80/321 (24%)]	Loss: 0.000694
02-25 21:28:38 | Global Round : 0 | Client : 7 | Local Epoch : 6 | [160/321 (49%)]	Loss: 0.109131
02-25 21:28:40 | Global Round : 0 | Client : 7 | Local Epoch : 6 | [240/321 (73%)]	Loss: 0.359258
02-25 21:28:41 | Global Round : 0 | Client : 7 | Local Epoch : 6 | [40/321 (98%)]	Loss: 0.039146
02-25 21:28:41 | Global Round : 0 | Client : 7 | Local Epoch : 7 | [0/321 (0%)]	Loss: 0.007418
02-25 21:28:43 | Global Round : 0 | Client : 7 | Local Epoch : 7 | [80/321 (24%)]	Loss: 0.020582
02-25 21:28:44 | Global Round : 0 | Client : 7 | Local Epoch : 7 | [160/321 (49%)]	Loss: 0.283042
02-25 21:28:45 | Global Round : 0 | Client : 7 | Local Epoch : 7 | [240/321 (73%)]	Loss: 0.508095
02-25 21:28:46 | Global Round : 0 | Client : 7 | Local Epoch : 7 | [40/321 (98%)]	Loss: 0.000000
02-25 21:28:47 | Global Round : 0 | Client : 7 | Local Epoch : 8 | [0/321 (0%)]	Loss: 0.002598
02-25 21:28:48 | Global Round : 0 | Client : 7 | Local Epoch : 8 | [80/321 (24%)]	Loss: 0.018670
02-25 21:28:50 | Global Round : 0 | Client : 7 | Local Epoch : 8 | [160/321 (49%)]	Loss: 0.016626
02-25 21:28:51 | Global Round : 0 | Client : 7 | Local Epoch : 8 | [240/321 (73%)]	Loss: 0.041832
02-25 21:28:53 | Global Round : 0 | Client : 7 | Local Epoch : 8 | [40/321 (98%)]	Loss: 0.000000
02-25 21:28:53 | Global Round : 0 | Client : 7 | Local Epoch : 9 | [0/321 (0%)]	Loss: 0.003351
02-25 21:28:54 | Global Round : 0 | Client : 7 | Local Epoch : 9 | [80/321 (24%)]	Loss: 0.160577
02-25 21:28:56 | Global Round : 0 | Client : 7 | Local Epoch : 9 | [160/321 (49%)]	Loss: 0.557332
02-25 21:28:58 | Global Round : 0 | Client : 7 | Local Epoch : 9 | [240/321 (73%)]	Loss: 0.030010
02-25 21:28:59 | Global Round : 0 | Client : 7 | Local Epoch : 9 | [40/321 (98%)]	Loss: 0.000011
02-25 21:28:59 | Global Round : 0 | Client : 3 | Local Epoch : 0 | [0/308 (0%)]	Loss: 2.260380
02-25 21:29:01 | Global Round : 0 | Client : 3 | Local Epoch : 0 | [80/308 (26%)]	Loss: 2.083673
02-25 21:29:03 | Global Round : 0 | Client : 3 | Local Epoch : 0 | [160/308 (51%)]	Loss: 1.805979
02-25 21:29:04 | Global Round : 0 | Client : 3 | Local Epoch : 0 | [240/308 (77%)]	Loss: 1.270308
02-25 21:29:05 | Global Round : 0 | Client : 3 | Local Epoch : 1 | [0/308 (0%)]	Loss: 1.350200
02-25 21:29:07 | Global Round : 0 | Client : 3 | Local Epoch : 1 | [80/308 (26%)]	Loss: 0.650507
02-25 21:29:09 | Global Round : 0 | Client : 3 | Local Epoch : 1 | [160/308 (51%)]	Loss: 1.306741
02-25 21:29:10 | Global Round : 0 | Client : 3 | Local Epoch : 1 | [240/308 (77%)]	Loss: 0.685408
02-25 21:29:12 | Global Round : 0 | Client : 3 | Local Epoch : 2 | [0/308 (0%)]	Loss: 0.635917
02-25 21:29:13 | Global Round : 0 | Client : 3 | Local Epoch : 2 | [80/308 (26%)]	Loss: 1.033283
02-25 21:29:15 | Global Round : 0 | Client : 3 | Local Epoch : 2 | [160/308 (51%)]	Loss: 0.330251
02-25 21:29:16 | Global Round : 0 | Client : 3 | Local Epoch : 2 | [240/308 (77%)]	Loss: 0.497872
02-25 21:29:18 | Global Round : 0 | Client : 3 | Local Epoch : 3 | [0/308 (0%)]	Loss: 0.452443
02-25 21:29:20 | Global Round : 0 | Client : 3 | Local Epoch : 3 | [80/308 (26%)]	Loss: 0.599873
02-25 21:29:21 | Global Round : 0 | Client : 3 | Local Epoch : 3 | [160/308 (51%)]	Loss: 0.283125
02-25 21:29:23 | Global Round : 0 | Client : 3 | Local Epoch : 3 | [240/308 (77%)]	Loss: 0.686435
02-25 21:29:24 | Global Round : 0 | Client : 3 | Local Epoch : 4 | [0/308 (0%)]	Loss: 0.317498
02-25 21:29:26 | Global Round : 0 | Client : 3 | Local Epoch : 4 | [80/308 (26%)]	Loss: 0.867879
02-25 21:29:28 | Global Round : 0 | Client : 3 | Local Epoch : 4 | [160/308 (51%)]	Loss: 0.295882
02-25 21:29:29 | Global Round : 0 | Client : 3 | Local Epoch : 4 | [240/308 (77%)]	Loss: 0.080235
02-25 21:29:31 | Global Round : 0 | Client : 3 | Local Epoch : 5 | [0/308 (0%)]	Loss: 0.272528
02-25 21:29:32 | Global Round : 0 | Client : 3 | Local Epoch : 5 | [80/308 (26%)]	Loss: 0.678064
02-25 21:29:34 | Global Round : 0 | Client : 3 | Local Epoch : 5 | [160/308 (51%)]	Loss: 0.447700
02-25 21:29:35 | Global Round : 0 | Client : 3 | Local Epoch : 5 | [240/308 (77%)]	Loss: 0.078036
02-25 21:29:36 | Global Round : 0 | Client : 3 | Local Epoch : 6 | [0/308 (0%)]	Loss: 0.217139
02-25 21:29:37 | Global Round : 0 | Client : 3 | Local Epoch : 6 | [80/308 (26%)]	Loss: 0.056989
02-25 21:29:39 | Global Round : 0 | Client : 3 | Local Epoch : 6 | [160/308 (51%)]	Loss: 0.088339
02-25 21:29:40 | Global Round : 0 | Client : 3 | Local Epoch : 6 | [240/308 (77%)]	Loss: 0.421831
02-25 21:29:41 | Global Round : 0 | Client : 3 | Local Epoch : 7 | [0/308 (0%)]	Loss: 0.166402
02-25 21:29:43 | Global Round : 0 | Client : 3 | Local Epoch : 7 | [80/308 (26%)]	Loss: 0.423532
02-25 21:29:44 | Global Round : 0 | Client : 3 | Local Epoch : 7 | [160/308 (51%)]	Loss: 1.209724
02-25 21:29:45 | Global Round : 0 | Client : 3 | Local Epoch : 7 | [240/308 (77%)]	Loss: 0.318761
02-25 21:29:46 | Global Round : 0 | Client : 3 | Local Epoch : 8 | [0/308 (0%)]	Loss: 0.336000
02-25 21:29:47 | Global Round : 0 | Client : 3 | Local Epoch : 8 | [80/308 (26%)]	Loss: 0.142952
02-25 21:29:49 | Global Round : 0 | Client : 3 | Local Epoch : 8 | [160/308 (51%)]	Loss: 0.457487
02-25 21:29:50 | Global Round : 0 | Client : 3 | Local Epoch : 8 | [240/308 (77%)]	Loss: 0.159932
02-25 21:29:52 | Global Round : 0 | Client : 3 | Local Epoch : 9 | [0/308 (0%)]	Loss: 0.096111
02-25 21:29:53 | Global Round : 0 | Client : 3 | Local Epoch : 9 | [80/308 (26%)]	Loss: 0.128227
02-25 21:29:55 | Global Round : 0 | Client : 3 | Local Epoch : 9 | [160/308 (51%)]	Loss: 0.587018
02-25 21:29:56 | Global Round : 0 | Client : 3 | Local Epoch : 9 | [240/308 (77%)]	Loss: 0.045138
02-25 21:29:58 | Global Round : 0 | Client : 5 | Local Epoch : 0 | [0/459 (0%)]	Loss: 2.553740
02-25 21:29:59 | Global Round : 0 | Client : 5 | Local Epoch : 0 | [80/459 (17%)]	Loss: 0.940431
02-25 21:30:01 | Global Round : 0 | Client : 5 | Local Epoch : 0 | [160/459 (34%)]	Loss: 0.364898
02-25 21:30:02 | Global Round : 0 | Client : 5 | Local Epoch : 0 | [240/459 (52%)]	Loss: 0.863114
02-25 21:30:03 | Global Round : 0 | Client : 5 | Local Epoch : 0 | [320/459 (69%)]	Loss: 0.770321
02-25 21:30:05 | Global Round : 0 | Client : 5 | Local Epoch : 0 | [400/459 (86%)]	Loss: 0.232474
02-25 21:30:06 | Global Round : 0 | Client : 5 | Local Epoch : 1 | [0/459 (0%)]	Loss: 0.078878
02-25 21:30:07 | Global Round : 0 | Client : 5 | Local Epoch : 1 | [80/459 (17%)]	Loss: 0.056998
02-25 21:30:09 | Global Round : 0 | Client : 5 | Local Epoch : 1 | [160/459 (34%)]	Loss: 0.085533
02-25 21:30:11 | Global Round : 0 | Client : 5 | Local Epoch : 1 | [240/459 (52%)]	Loss: 0.186741
02-25 21:30:12 | Global Round : 0 | Client : 5 | Local Epoch : 1 | [320/459 (69%)]	Loss: 0.343390
02-25 21:30:14 | Global Round : 0 | Client : 5 | Local Epoch : 1 | [400/459 (86%)]	Loss: 0.228455
02-25 21:30:15 | Global Round : 0 | Client : 5 | Local Epoch : 2 | [0/459 (0%)]	Loss: 0.076883
02-25 21:30:16 | Global Round : 0 | Client : 5 | Local Epoch : 2 | [80/459 (17%)]	Loss: 0.099059
02-25 21:30:18 | Global Round : 0 | Client : 5 | Local Epoch : 2 | [160/459 (34%)]	Loss: 1.860602
02-25 21:30:20 | Global Round : 0 | Client : 5 | Local Epoch : 2 | [240/459 (52%)]	Loss: 0.570422
02-25 21:30:22 | Global Round : 0 | Client : 5 | Local Epoch : 2 | [320/459 (69%)]	Loss: 0.201107
02-25 21:30:24 | Global Round : 0 | Client : 5 | Local Epoch : 2 | [400/459 (86%)]	Loss: 0.143379
02-25 21:30:26 | Global Round : 0 | Client : 5 | Local Epoch : 3 | [0/459 (0%)]	Loss: 0.045920
02-25 21:30:27 | Global Round : 0 | Client : 5 | Local Epoch : 3 | [80/459 (17%)]	Loss: 0.101140
02-25 21:30:29 | Global Round : 0 | Client : 5 | Local Epoch : 3 | [160/459 (34%)]	Loss: 0.000117
02-25 21:30:31 | Global Round : 0 | Client : 5 | Local Epoch : 3 | [240/459 (52%)]	Loss: 0.000041
02-25 21:30:32 | Global Round : 0 | Client : 5 | Local Epoch : 3 | [320/459 (69%)]	Loss: 0.743166
02-25 21:30:33 | Global Round : 0 | Client : 5 | Local Epoch : 3 | [400/459 (86%)]	Loss: 0.001398
02-25 21:30:34 | Global Round : 0 | Client : 5 | Local Epoch : 4 | [0/459 (0%)]	Loss: 0.279028
02-25 21:30:36 | Global Round : 0 | Client : 5 | Local Epoch : 4 | [80/459 (17%)]	Loss: 0.012284
02-25 21:30:38 | Global Round : 0 | Client : 5 | Local Epoch : 4 | [160/459 (34%)]	Loss: 0.054181
02-25 21:30:39 | Global Round : 0 | Client : 5 | Local Epoch : 4 | [240/459 (52%)]	Loss: 0.069947
02-25 21:30:41 | Global Round : 0 | Client : 5 | Local Epoch : 4 | [320/459 (69%)]	Loss: 0.299445
02-25 21:30:43 | Global Round : 0 | Client : 5 | Local Epoch : 4 | [400/459 (86%)]	Loss: 0.004443
02-25 21:30:44 | Global Round : 0 | Client : 5 | Local Epoch : 5 | [0/459 (0%)]	Loss: 0.275533
02-25 21:30:45 | Global Round : 0 | Client : 5 | Local Epoch : 5 | [80/459 (17%)]	Loss: 0.231975
02-25 21:30:46 | Global Round : 0 | Client : 5 | Local Epoch : 5 | [160/459 (34%)]	Loss: 0.028104
02-25 21:30:48 | Global Round : 0 | Client : 5 | Local Epoch : 5 | [240/459 (52%)]	Loss: 0.024133
02-25 21:30:50 | Global Round : 0 | Client : 5 | Local Epoch : 5 | [320/459 (69%)]	Loss: 0.001466
02-25 21:30:51 | Global Round : 0 | Client : 5 | Local Epoch : 5 | [400/459 (86%)]	Loss: 0.510792
02-25 21:30:52 | Global Round : 0 | Client : 5 | Local Epoch : 6 | [0/459 (0%)]	Loss: 0.088791
02-25 21:30:54 | Global Round : 0 | Client : 5 | Local Epoch : 6 | [80/459 (17%)]	Loss: 0.013840
02-25 21:30:55 | Global Round : 0 | Client : 5 | Local Epoch : 6 | [160/459 (34%)]	Loss: 0.171412
02-25 21:30:57 | Global Round : 0 | Client : 5 | Local Epoch : 6 | [240/459 (52%)]	Loss: 0.046184
02-25 21:30:58 | Global Round : 0 | Client : 5 | Local Epoch : 6 | [320/459 (69%)]	Loss: 0.019072
02-25 21:31:00 | Global Round : 0 | Client : 5 | Local Epoch : 6 | [400/459 (86%)]	Loss: 0.031812
02-25 21:31:01 | Global Round : 0 | Client : 5 | Local Epoch : 7 | [0/459 (0%)]	Loss: 0.081690
02-25 21:31:02 | Global Round : 0 | Client : 5 | Local Epoch : 7 | [80/459 (17%)]	Loss: 0.452461
02-25 21:31:04 | Global Round : 0 | Client : 5 | Local Epoch : 7 | [160/459 (34%)]	Loss: 0.295714
02-25 21:31:05 | Global Round : 0 | Client : 5 | Local Epoch : 7 | [240/459 (52%)]	Loss: 0.002749
02-25 21:31:06 | Global Round : 0 | Client : 5 | Local Epoch : 7 | [320/459 (69%)]	Loss: 0.196731
02-25 21:31:08 | Global Round : 0 | Client : 5 | Local Epoch : 7 | [400/459 (86%)]	Loss: 0.011010
02-25 21:31:09 | Global Round : 0 | Client : 5 | Local Epoch : 8 | [0/459 (0%)]	Loss: 0.496360
02-25 21:31:10 | Global Round : 0 | Client : 5 | Local Epoch : 8 | [80/459 (17%)]	Loss: 0.184258
02-25 21:31:12 | Global Round : 0 | Client : 5 | Local Epoch : 8 | [160/459 (34%)]	Loss: 1.142301
02-25 21:31:13 | Global Round : 0 | Client : 5 | Local Epoch : 8 | [240/459 (52%)]	Loss: 0.027973
02-25 21:31:14 | Global Round : 0 | Client : 5 | Local Epoch : 8 | [320/459 (69%)]	Loss: 0.026456
02-25 21:31:15 | Global Round : 0 | Client : 5 | Local Epoch : 8 | [400/459 (86%)]	Loss: 0.191965
02-25 21:31:16 | Global Round : 0 | Client : 5 | Local Epoch : 9 | [0/459 (0%)]	Loss: 0.126290
02-25 21:31:18 | Global Round : 0 | Client : 5 | Local Epoch : 9 | [80/459 (17%)]	Loss: 0.050347
02-25 21:31:19 | Global Round : 0 | Client : 5 | Local Epoch : 9 | [160/459 (34%)]	Loss: 0.004516
02-25 21:31:21 | Global Round : 0 | Client : 5 | Local Epoch : 9 | [240/459 (52%)]	Loss: 0.002560
02-25 21:31:22 | Global Round : 0 | Client : 5 | Local Epoch : 9 | [320/459 (69%)]	Loss: 0.017488
02-25 21:31:23 | Global Round : 0 | Client : 5 | Local Epoch : 9 | [400/459 (86%)]	Loss: 0.007151
02-25 21:31:25 | Global Round : 0 | Client : 9 | Local Epoch : 0 | [0/389 (0%)]	Loss: 2.451878
02-25 21:31:26 | Global Round : 0 | Client : 9 | Local Epoch : 0 | [80/389 (20%)]	Loss: 0.431824
02-25 21:31:28 | Global Round : 0 | Client : 9 | Local Epoch : 0 | [160/389 (41%)]	Loss: 1.440713
02-25 21:31:29 | Global Round : 0 | Client : 9 | Local Epoch : 0 | [240/389 (61%)]	Loss: 0.181096
02-25 21:31:31 | Global Round : 0 | Client : 9 | Local Epoch : 0 | [320/389 (82%)]	Loss: 1.356842
02-25 21:31:32 | Global Round : 0 | Client : 9 | Local Epoch : 1 | [0/389 (0%)]	Loss: 0.687203
02-25 21:31:33 | Global Round : 0 | Client : 9 | Local Epoch : 1 | [80/389 (20%)]	Loss: 0.459797
02-25 21:31:34 | Global Round : 0 | Client : 9 | Local Epoch : 1 | [160/389 (41%)]	Loss: 0.312517
02-25 21:31:36 | Global Round : 0 | Client : 9 | Local Epoch : 1 | [240/389 (61%)]	Loss: 0.658363
02-25 21:31:37 | Global Round : 0 | Client : 9 | Local Epoch : 1 | [320/389 (82%)]	Loss: 0.735694
02-25 21:31:39 | Global Round : 0 | Client : 9 | Local Epoch : 2 | [0/389 (0%)]	Loss: 0.226848
02-25 21:31:40 | Global Round : 0 | Client : 9 | Local Epoch : 2 | [80/389 (20%)]	Loss: 0.394882
02-25 21:31:42 | Global Round : 0 | Client : 9 | Local Epoch : 2 | [160/389 (41%)]	Loss: 0.221396
02-25 21:31:44 | Global Round : 0 | Client : 9 | Local Epoch : 2 | [240/389 (61%)]	Loss: 0.243622
02-25 21:31:46 | Global Round : 0 | Client : 9 | Local Epoch : 2 | [320/389 (82%)]	Loss: 1.068909
02-25 21:31:48 | Global Round : 0 | Client : 9 | Local Epoch : 3 | [0/389 (0%)]	Loss: 0.303259
02-25 21:31:49 | Global Round : 0 | Client : 9 | Local Epoch : 3 | [80/389 (20%)]	Loss: 0.696432
02-25 21:31:51 | Global Round : 0 | Client : 9 | Local Epoch : 3 | [160/389 (41%)]	Loss: 0.640202
02-25 21:31:52 | Global Round : 0 | Client : 9 | Local Epoch : 3 | [240/389 (61%)]	Loss: 0.645282
02-25 21:31:53 | Global Round : 0 | Client : 9 | Local Epoch : 3 | [320/389 (82%)]	Loss: 0.482586
02-25 21:31:55 | Global Round : 0 | Client : 9 | Local Epoch : 4 | [0/389 (0%)]	Loss: 0.102988
02-25 21:31:56 | Global Round : 0 | Client : 9 | Local Epoch : 4 | [80/389 (20%)]	Loss: 0.097017
02-25 21:31:58 | Global Round : 0 | Client : 9 | Local Epoch : 4 | [160/389 (41%)]	Loss: 0.023897
02-25 21:31:59 | Global Round : 0 | Client : 9 | Local Epoch : 4 | [240/389 (61%)]	Loss: 0.238743
02-25 21:32:01 | Global Round : 0 | Client : 9 | Local Epoch : 4 | [320/389 (82%)]	Loss: 0.085747
02-25 21:32:02 | Global Round : 0 | Client : 9 | Local Epoch : 5 | [0/389 (0%)]	Loss: 0.017992
02-25 21:32:04 | Global Round : 0 | Client : 9 | Local Epoch : 5 | [80/389 (20%)]	Loss: 0.334643
02-25 21:32:05 | Global Round : 0 | Client : 9 | Local Epoch : 5 | [160/389 (41%)]	Loss: 0.178337
02-25 21:32:07 | Global Round : 0 | Client : 9 | Local Epoch : 5 | [240/389 (61%)]	Loss: 0.059276
02-25 21:32:09 | Global Round : 0 | Client : 9 | Local Epoch : 5 | [320/389 (82%)]	Loss: 0.020763
02-25 21:32:10 | Global Round : 0 | Client : 9 | Local Epoch : 6 | [0/389 (0%)]	Loss: 0.318939
02-25 21:32:11 | Global Round : 0 | Client : 9 | Local Epoch : 6 | [80/389 (20%)]	Loss: 0.194205
02-25 21:32:13 | Global Round : 0 | Client : 9 | Local Epoch : 6 | [160/389 (41%)]	Loss: 0.018484
02-25 21:32:14 | Global Round : 0 | Client : 9 | Local Epoch : 6 | [240/389 (61%)]	Loss: 0.024272
02-25 21:32:16 | Global Round : 0 | Client : 9 | Local Epoch : 6 | [320/389 (82%)]	Loss: 0.489614
02-25 21:32:18 | Global Round : 0 | Client : 9 | Local Epoch : 7 | [0/389 (0%)]	Loss: 0.149814
02-25 21:32:20 | Global Round : 0 | Client : 9 | Local Epoch : 7 | [80/389 (20%)]	Loss: 0.008884
02-25 21:32:22 | Global Round : 0 | Client : 9 | Local Epoch : 7 | [160/389 (41%)]	Loss: 0.168749
02-25 21:32:24 | Global Round : 0 | Client : 9 | Local Epoch : 7 | [240/389 (61%)]	Loss: 0.000427
02-25 21:32:25 | Global Round : 0 | Client : 9 | Local Epoch : 7 | [320/389 (82%)]	Loss: 0.022694
02-25 21:32:27 | Global Round : 0 | Client : 9 | Local Epoch : 8 | [0/389 (0%)]	Loss: 0.152541
02-25 21:32:29 | Global Round : 0 | Client : 9 | Local Epoch : 8 | [80/389 (20%)]	Loss: 0.000369
02-25 21:32:30 | Global Round : 0 | Client : 9 | Local Epoch : 8 | [160/389 (41%)]	Loss: 0.063959
02-25 21:32:32 | Global Round : 0 | Client : 9 | Local Epoch : 8 | [240/389 (61%)]	Loss: 0.016806
02-25 21:32:33 | Global Round : 0 | Client : 9 | Local Epoch : 8 | [320/389 (82%)]	Loss: 0.025968
02-25 21:32:35 | Global Round : 0 | Client : 9 | Local Epoch : 9 | [0/389 (0%)]	Loss: 0.021199
02-25 21:32:36 | Global Round : 0 | Client : 9 | Local Epoch : 9 | [80/389 (20%)]	Loss: 0.015579
02-25 21:32:38 | Global Round : 0 | Client : 9 | Local Epoch : 9 | [160/389 (41%)]	Loss: 0.016627
02-25 21:32:39 | Global Round : 0 | Client : 9 | Local Epoch : 9 | [240/389 (61%)]	Loss: 0.098164
02-25 21:32:41 | Global Round : 0 | Client : 9 | Local Epoch : 9 | [320/389 (82%)]	Loss: 0.273281
02-25 21:32:42 | Global Round : 0 | Client : 8 | Local Epoch : 0 | [0/209 (0%)]	Loss: 2.143307
02-25 21:32:44 | Global Round : 0 | Client : 8 | Local Epoch : 0 | [80/209 (37%)]	Loss: 1.366699
02-25 21:32:46 | Global Round : 0 | Client : 8 | Local Epoch : 0 | [160/209 (74%)]	Loss: 2.849184
02-25 21:32:47 | Global Round : 0 | Client : 8 | Local Epoch : 1 | [0/209 (0%)]	Loss: 0.958381
02-25 21:32:48 | Global Round : 0 | Client : 8 | Local Epoch : 1 | [80/209 (37%)]	Loss: 0.516256
02-25 21:32:50 | Global Round : 0 | Client : 8 | Local Epoch : 1 | [160/209 (74%)]	Loss: 0.494381
02-25 21:32:51 | Global Round : 0 | Client : 8 | Local Epoch : 2 | [0/209 (0%)]	Loss: 1.233175
02-25 21:32:52 | Global Round : 0 | Client : 8 | Local Epoch : 2 | [80/209 (37%)]	Loss: 0.450418
02-25 21:32:54 | Global Round : 0 | Client : 8 | Local Epoch : 2 | [160/209 (74%)]	Loss: 0.146574
02-25 21:32:54 | Global Round : 0 | Client : 8 | Local Epoch : 3 | [0/209 (0%)]	Loss: 0.740710
02-25 21:32:56 | Global Round : 0 | Client : 8 | Local Epoch : 3 | [80/209 (37%)]	Loss: 0.596188
02-25 21:32:58 | Global Round : 0 | Client : 8 | Local Epoch : 3 | [160/209 (74%)]	Loss: 0.794125
02-25 21:32:59 | Global Round : 0 | Client : 8 | Local Epoch : 4 | [0/209 (0%)]	Loss: 0.485057
02-25 21:33:01 | Global Round : 0 | Client : 8 | Local Epoch : 4 | [80/209 (37%)]	Loss: 0.443443
02-25 21:33:03 | Global Round : 0 | Client : 8 | Local Epoch : 4 | [160/209 (74%)]	Loss: 0.270676
02-25 21:33:03 | Global Round : 0 | Client : 8 | Local Epoch : 5 | [0/209 (0%)]	Loss: 0.539016
02-25 21:33:05 | Global Round : 0 | Client : 8 | Local Epoch : 5 | [80/209 (37%)]	Loss: 0.363381
02-25 21:33:06 | Global Round : 0 | Client : 8 | Local Epoch : 5 | [160/209 (74%)]	Loss: 0.594388
02-25 21:33:07 | Global Round : 0 | Client : 8 | Local Epoch : 6 | [0/209 (0%)]	Loss: 0.471516
02-25 21:33:09 | Global Round : 0 | Client : 8 | Local Epoch : 6 | [80/209 (37%)]	Loss: 0.086840
02-25 21:33:10 | Global Round : 0 | Client : 8 | Local Epoch : 6 | [160/209 (74%)]	Loss: 0.119570
02-25 21:33:11 | Global Round : 0 | Client : 8 | Local Epoch : 7 | [0/209 (0%)]	Loss: 0.075652
02-25 21:33:12 | Global Round : 0 | Client : 8 | Local Epoch : 7 | [80/209 (37%)]	Loss: 0.095762
02-25 21:33:13 | Global Round : 0 | Client : 8 | Local Epoch : 7 | [160/209 (74%)]	Loss: 0.150856
02-25 21:33:14 | Global Round : 0 | Client : 8 | Local Epoch : 8 | [0/209 (0%)]	Loss: 0.158481
02-25 21:33:15 | Global Round : 0 | Client : 8 | Local Epoch : 8 | [80/209 (37%)]	Loss: 0.780290
02-25 21:33:17 | Global Round : 0 | Client : 8 | Local Epoch : 8 | [160/209 (74%)]	Loss: 0.382514
02-25 21:33:17 | Global Round : 0 | Client : 8 | Local Epoch : 9 | [0/209 (0%)]	Loss: 0.116315
02-25 21:33:19 | Global Round : 0 | Client : 8 | Local Epoch : 9 | [80/209 (37%)]	Loss: 0.134385
02-25 21:33:20 | Global Round : 0 | Client : 8 | Local Epoch : 9 | [160/209 (74%)]	Loss: 0.022841
02-25 21:33:31  
Avg Training Stats after 1 global rounds:
02-25 21:33:31 Training Loss : 0.40238093117108525
02-25 21:33:31 Train Accuracy: 39.86% 

02-25 21:33:32 
 | Global Training Round : 2 |

02-25 21:33:32 | Global Round : 1 | Client : 1 | Local Epoch : 0 | [0/574 (0%)]	Loss: 1.228008
02-25 21:33:33 | Global Round : 1 | Client : 1 | Local Epoch : 0 | [80/574 (14%)]	Loss: 0.651338
02-25 21:33:35 | Global Round : 1 | Client : 1 | Local Epoch : 0 | [160/574 (28%)]	Loss: 0.348941
02-25 21:33:37 | Global Round : 1 | Client : 1 | Local Epoch : 0 | [240/574 (42%)]	Loss: 1.576149
02-25 21:33:39 | Global Round : 1 | Client : 1 | Local Epoch : 0 | [320/574 (56%)]	Loss: 0.513933
02-25 21:33:40 | Global Round : 1 | Client : 1 | Local Epoch : 0 | [400/574 (69%)]	Loss: 0.117344
02-25 21:33:41 | Global Round : 1 | Client : 1 | Local Epoch : 0 | [480/574 (83%)]	Loss: 0.441568
02-25 21:33:43 | Global Round : 1 | Client : 1 | Local Epoch : 0 | [560/574 (97%)]	Loss: 0.219650
02-25 21:33:43 | Global Round : 1 | Client : 1 | Local Epoch : 1 | [0/574 (0%)]	Loss: 0.296003
02-25 21:33:45 | Global Round : 1 | Client : 1 | Local Epoch : 1 | [80/574 (14%)]	Loss: 0.211681
02-25 21:33:46 | Global Round : 1 | Client : 1 | Local Epoch : 1 | [160/574 (28%)]	Loss: 0.230279
02-25 21:33:48 | Global Round : 1 | Client : 1 | Local Epoch : 1 | [240/574 (42%)]	Loss: 0.239252
02-25 21:33:49 | Global Round : 1 | Client : 1 | Local Epoch : 1 | [320/574 (56%)]	Loss: 0.564947
02-25 21:33:50 | Global Round : 1 | Client : 1 | Local Epoch : 1 | [400/574 (69%)]	Loss: 0.335662
02-25 21:33:52 | Global Round : 1 | Client : 1 | Local Epoch : 1 | [480/574 (83%)]	Loss: 0.022914
02-25 21:33:54 | Global Round : 1 | Client : 1 | Local Epoch : 1 | [560/574 (97%)]	Loss: 0.273501
02-25 21:33:54 | Global Round : 1 | Client : 1 | Local Epoch : 2 | [0/574 (0%)]	Loss: 0.007520
02-25 21:33:56 | Global Round : 1 | Client : 1 | Local Epoch : 2 | [80/574 (14%)]	Loss: 0.018270
02-25 21:33:57 | Global Round : 1 | Client : 1 | Local Epoch : 2 | [160/574 (28%)]	Loss: 0.448473
02-25 21:33:59 | Global Round : 1 | Client : 1 | Local Epoch : 2 | [240/574 (42%)]	Loss: 0.083713
02-25 21:34:01 | Global Round : 1 | Client : 1 | Local Epoch : 2 | [320/574 (56%)]	Loss: 0.593103
02-25 21:34:02 | Global Round : 1 | Client : 1 | Local Epoch : 2 | [400/574 (69%)]	Loss: 1.421639
02-25 21:34:04 | Global Round : 1 | Client : 1 | Local Epoch : 2 | [480/574 (83%)]	Loss: 0.156155
02-25 21:34:06 | Global Round : 1 | Client : 1 | Local Epoch : 2 | [560/574 (97%)]	Loss: 0.560719
02-25 21:34:06 | Global Round : 1 | Client : 1 | Local Epoch : 3 | [0/574 (0%)]	Loss: 0.076180
02-25 21:34:08 | Global Round : 1 | Client : 1 | Local Epoch : 3 | [80/574 (14%)]	Loss: 0.047687
02-25 21:34:10 | Global Round : 1 | Client : 1 | Local Epoch : 3 | [160/574 (28%)]	Loss: 0.611112
02-25 21:34:11 | Global Round : 1 | Client : 1 | Local Epoch : 3 | [240/574 (42%)]	Loss: 0.059593
02-25 21:34:12 | Global Round : 1 | Client : 1 | Local Epoch : 3 | [320/574 (56%)]	Loss: 0.009746
02-25 21:34:14 | Global Round : 1 | Client : 1 | Local Epoch : 3 | [400/574 (69%)]	Loss: 0.060288
02-25 21:34:15 | Global Round : 1 | Client : 1 | Local Epoch : 3 | [480/574 (83%)]	Loss: 0.001884
02-25 21:34:17 | Global Round : 1 | Client : 1 | Local Epoch : 3 | [560/574 (97%)]	Loss: 0.061828
02-25 21:34:17 | Global Round : 1 | Client : 1 | Local Epoch : 4 | [0/574 (0%)]	Loss: 0.026082
02-25 21:34:19 | Global Round : 1 | Client : 1 | Local Epoch : 4 | [80/574 (14%)]	Loss: 0.153257
02-25 21:34:21 | Global Round : 1 | Client : 1 | Local Epoch : 4 | [160/574 (28%)]	Loss: 0.522635
02-25 21:34:22 | Global Round : 1 | Client : 1 | Local Epoch : 4 | [240/574 (42%)]	Loss: 0.008288
02-25 21:34:23 | Global Round : 1 | Client : 1 | Local Epoch : 4 | [320/574 (56%)]	Loss: 0.011982
02-25 21:34:25 | Global Round : 1 | Client : 1 | Local Epoch : 4 | [400/574 (69%)]	Loss: 0.028170
02-25 21:34:26 | Global Round : 1 | Client : 1 | Local Epoch : 4 | [480/574 (83%)]	Loss: 0.531702
02-25 21:34:28 | Global Round : 1 | Client : 1 | Local Epoch : 4 | [560/574 (97%)]	Loss: 0.589840
02-25 21:34:28 | Global Round : 1 | Client : 1 | Local Epoch : 5 | [0/574 (0%)]	Loss: 0.432805
02-25 21:34:29 | Global Round : 1 | Client : 1 | Local Epoch : 5 | [80/574 (14%)]	Loss: 0.138853
02-25 21:34:31 | Global Round : 1 | Client : 1 | Local Epoch : 5 | [160/574 (28%)]	Loss: 0.739262
02-25 21:34:32 | Global Round : 1 | Client : 1 | Local Epoch : 5 | [240/574 (42%)]	Loss: 0.107343
02-25 21:34:33 | Global Round : 1 | Client : 1 | Local Epoch : 5 | [320/574 (56%)]	Loss: 0.003654
02-25 21:34:35 | Global Round : 1 | Client : 1 | Local Epoch : 5 | [400/574 (69%)]	Loss: 0.029020
02-25 21:34:37 | Global Round : 1 | Client : 1 | Local Epoch : 5 | [480/574 (83%)]	Loss: 0.000172
02-25 21:34:38 | Global Round : 1 | Client : 1 | Local Epoch : 5 | [560/574 (97%)]	Loss: 0.067556
02-25 21:34:38 | Global Round : 1 | Client : 1 | Local Epoch : 6 | [0/574 (0%)]	Loss: 0.012712
02-25 21:34:40 | Global Round : 1 | Client : 1 | Local Epoch : 6 | [80/574 (14%)]	Loss: 0.003530
02-25 21:34:41 | Global Round : 1 | Client : 1 | Local Epoch : 6 | [160/574 (28%)]	Loss: 0.009652
02-25 21:34:42 | Global Round : 1 | Client : 1 | Local Epoch : 6 | [240/574 (42%)]	Loss: 0.043100
02-25 21:34:44 | Global Round : 1 | Client : 1 | Local Epoch : 6 | [320/574 (56%)]	Loss: 0.004679
02-25 21:34:46 | Global Round : 1 | Client : 1 | Local Epoch : 6 | [400/574 (69%)]	Loss: 0.246570
02-25 21:34:47 | Global Round : 1 | Client : 1 | Local Epoch : 6 | [480/574 (83%)]	Loss: 0.085225
02-25 21:34:49 | Global Round : 1 | Client : 1 | Local Epoch : 6 | [560/574 (97%)]	Loss: 0.013240
02-25 21:34:49 | Global Round : 1 | Client : 1 | Local Epoch : 7 | [0/574 (0%)]	Loss: 0.004170
02-25 21:34:50 | Global Round : 1 | Client : 1 | Local Epoch : 7 | [80/574 (14%)]	Loss: 0.128014
02-25 21:34:51 | Global Round : 1 | Client : 1 | Local Epoch : 7 | [160/574 (28%)]	Loss: 0.001199
02-25 21:34:53 | Global Round : 1 | Client : 1 | Local Epoch : 7 | [240/574 (42%)]	Loss: 0.009380
02-25 21:34:54 | Global Round : 1 | Client : 1 | Local Epoch : 7 | [320/574 (56%)]	Loss: 0.045051
02-25 21:34:55 | Global Round : 1 | Client : 1 | Local Epoch : 7 | [400/574 (69%)]	Loss: 0.409611
02-25 21:34:57 | Global Round : 1 | Client : 1 | Local Epoch : 7 | [480/574 (83%)]	Loss: 0.119064
02-25 21:34:58 | Global Round : 1 | Client : 1 | Local Epoch : 7 | [560/574 (97%)]	Loss: 0.005380
02-25 21:34:58 | Global Round : 1 | Client : 1 | Local Epoch : 8 | [0/574 (0%)]	Loss: 0.006942
02-25 21:35:00 | Global Round : 1 | Client : 1 | Local Epoch : 8 | [80/574 (14%)]	Loss: 0.002256
02-25 21:35:02 | Global Round : 1 | Client : 1 | Local Epoch : 8 | [160/574 (28%)]	Loss: 0.166502
02-25 21:35:03 | Global Round : 1 | Client : 1 | Local Epoch : 8 | [240/574 (42%)]	Loss: 0.337557
02-25 21:35:04 | Global Round : 1 | Client : 1 | Local Epoch : 8 | [320/574 (56%)]	Loss: 0.002142
02-25 21:35:05 | Global Round : 1 | Client : 1 | Local Epoch : 8 | [400/574 (69%)]	Loss: 0.041691
02-25 21:35:07 | Global Round : 1 | Client : 1 | Local Epoch : 8 | [480/574 (83%)]	Loss: 0.094920
02-25 21:35:08 | Global Round : 1 | Client : 1 | Local Epoch : 8 | [560/574 (97%)]	Loss: 0.023427
02-25 21:35:08 | Global Round : 1 | Client : 1 | Local Epoch : 9 | [0/574 (0%)]	Loss: 0.003586
02-25 21:35:09 | Global Round : 1 | Client : 1 | Local Epoch : 9 | [80/574 (14%)]	Loss: 0.002216
02-25 21:35:11 | Global Round : 1 | Client : 1 | Local Epoch : 9 | [160/574 (28%)]	Loss: 0.053757
02-25 21:35:12 | Global Round : 1 | Client : 1 | Local Epoch : 9 | [240/574 (42%)]	Loss: 0.032833
02-25 21:35:13 | Global Round : 1 | Client : 1 | Local Epoch : 9 | [320/574 (56%)]	Loss: 0.113282
02-25 21:35:15 | Global Round : 1 | Client : 1 | Local Epoch : 9 | [400/574 (69%)]	Loss: 0.005502
02-25 21:35:16 | Global Round : 1 | Client : 1 | Local Epoch : 9 | [480/574 (83%)]	Loss: 0.005188
02-25 21:35:17 | Global Round : 1 | Client : 1 | Local Epoch : 9 | [560/574 (97%)]	Loss: 0.013124
02-25 21:35:17 | Global Round : 1 | Client : 7 | Local Epoch : 0 | [0/321 (0%)]	Loss: 0.782962
02-25 21:35:19 | Global Round : 1 | Client : 7 | Local Epoch : 0 | [80/321 (24%)]	Loss: 0.270943
02-25 21:35:20 | Global Round : 1 | Client : 7 | Local Epoch : 0 | [160/321 (49%)]	Loss: 0.418483
02-25 21:35:22 | Global Round : 1 | Client : 7 | Local Epoch : 0 | [240/321 (73%)]	Loss: 0.840677
02-25 21:35:23 | Global Round : 1 | Client : 7 | Local Epoch : 0 | [40/321 (98%)]	Loss: 0.035140
02-25 21:35:23 | Global Round : 1 | Client : 7 | Local Epoch : 1 | [0/321 (0%)]	Loss: 0.841631
02-25 21:35:24 | Global Round : 1 | Client : 7 | Local Epoch : 1 | [80/321 (24%)]	Loss: 0.099624
02-25 21:35:26 | Global Round : 1 | Client : 7 | Local Epoch : 1 | [160/321 (49%)]	Loss: 0.701892
02-25 21:35:27 | Global Round : 1 | Client : 7 | Local Epoch : 1 | [240/321 (73%)]	Loss: 0.000000
02-25 21:35:28 | Global Round : 1 | Client : 7 | Local Epoch : 1 | [40/321 (98%)]	Loss: 0.000000
02-25 21:35:28 | Global Round : 1 | Client : 7 | Local Epoch : 2 | [0/321 (0%)]	Loss: 0.086478
02-25 21:35:30 | Global Round : 1 | Client : 7 | Local Epoch : 2 | [80/321 (24%)]	Loss: 0.279403
02-25 21:35:31 | Global Round : 1 | Client : 7 | Local Epoch : 2 | [160/321 (49%)]	Loss: 0.385134
02-25 21:35:33 | Global Round : 1 | Client : 7 | Local Epoch : 2 | [240/321 (73%)]	Loss: 0.088787
02-25 21:35:34 | Global Round : 1 | Client : 7 | Local Epoch : 2 | [40/321 (98%)]	Loss: 1.955625
02-25 21:35:34 | Global Round : 1 | Client : 7 | Local Epoch : 3 | [0/321 (0%)]	Loss: 0.340222
02-25 21:35:35 | Global Round : 1 | Client : 7 | Local Epoch : 3 | [80/321 (24%)]	Loss: 0.383406
02-25 21:35:37 | Global Round : 1 | Client : 7 | Local Epoch : 3 | [160/321 (49%)]	Loss: 0.172891
02-25 21:35:38 | Global Round : 1 | Client : 7 | Local Epoch : 3 | [240/321 (73%)]	Loss: 0.020950
02-25 21:35:39 | Global Round : 1 | Client : 7 | Local Epoch : 3 | [40/321 (98%)]	Loss: 0.000000
02-25 21:35:39 | Global Round : 1 | Client : 7 | Local Epoch : 4 | [0/321 (0%)]	Loss: 0.156559
02-25 21:35:41 | Global Round : 1 | Client : 7 | Local Epoch : 4 | [80/321 (24%)]	Loss: 0.002666
02-25 21:35:42 | Global Round : 1 | Client : 7 | Local Epoch : 4 | [160/321 (49%)]	Loss: 0.417674
02-25 21:35:44 | Global Round : 1 | Client : 7 | Local Epoch : 4 | [240/321 (73%)]	Loss: 0.062520
02-25 21:35:45 | Global Round : 1 | Client : 7 | Local Epoch : 4 | [40/321 (98%)]	Loss: 0.000000
02-25 21:35:45 | Global Round : 1 | Client : 7 | Local Epoch : 5 | [0/321 (0%)]	Loss: 0.053079
