04-08 10:59:53 model_name: cnn_2d
04-08 10:59:53 data_name: CWRUSTFT
04-08 10:59:53 data_dir: ..//CWRU
04-08 10:59:53 normlizetype: mean-std
04-08 10:59:53 processing_type: R_A
04-08 10:59:53 cuda_device: 0
04-08 10:59:53 checkpoint_dir: ./checkpoint
04-08 10:59:53 pretrained: True
04-08 10:59:53 batch_size: 64
04-08 10:59:53 num_workers: 0
04-08 10:59:53 opt: adam
04-08 10:59:53 lr: 0.001
04-08 10:59:53 momentum: 0.9
04-08 10:59:53 weight_decay: 1e-05
04-08 10:59:53 lr_scheduler: fix
04-08 10:59:53 gamma: 0.1
04-08 10:59:53 steps: 9
04-08 10:59:53 max_epoch: 100
04-08 10:59:53 print_step: 100
04-08 10:59:53 iid: 1
04-08 10:59:53 num_users: 10
04-08 10:59:53 local_ep: 10
04-08 10:59:53 local_bs: 8
04-08 10:59:53 train_type: train_federated
04-08 10:59:53 num_classes: 10
04-08 10:59:53 stopping_rounds: 10
04-08 10:59:53 verbose: 1
04-08 10:59:53 seed: 1
04-08 10:59:53 epochs: 1
04-08 10:59:53 frac: 0.5
04-08 10:59:53 using 1 gpus
04-08 11:00:17 
 | Global Training Round : 1 |

04-08 11:00:23 | Global Round : 0 | Client : 1 | Local Epoch : 0 | [0/355 (0%)]	Loss: 2.364754
04-08 11:00:25 | Global Round : 0 | Client : 1 | Local Epoch : 0 | [80/355 (22%)]	Loss: 2.097875
04-08 11:00:27 | Global Round : 0 | Client : 1 | Local Epoch : 0 | [160/355 (44%)]	Loss: 1.776452
04-08 11:00:29 | Global Round : 0 | Client : 1 | Local Epoch : 0 | [240/355 (67%)]	Loss: 1.030859
04-08 11:00:30 | Global Round : 0 | Client : 1 | Local Epoch : 0 | [320/355 (89%)]	Loss: 1.370178
04-08 11:00:31 | Global Round : 0 | Client : 1 | Local Epoch : 1 | [0/355 (0%)]	Loss: 1.346878
04-08 11:00:33 | Global Round : 0 | Client : 1 | Local Epoch : 1 | [80/355 (22%)]	Loss: 1.291220
04-08 11:00:34 | Global Round : 0 | Client : 1 | Local Epoch : 1 | [160/355 (44%)]	Loss: 0.498963
04-08 11:00:36 | Global Round : 0 | Client : 1 | Local Epoch : 1 | [240/355 (67%)]	Loss: 1.283674
04-08 11:00:38 | Global Round : 0 | Client : 1 | Local Epoch : 1 | [320/355 (89%)]	Loss: 0.886069
04-08 11:00:39 | Global Round : 0 | Client : 1 | Local Epoch : 2 | [0/355 (0%)]	Loss: 0.358728
04-08 11:00:40 | Global Round : 0 | Client : 1 | Local Epoch : 2 | [80/355 (22%)]	Loss: 0.545394
04-08 11:00:42 | Global Round : 0 | Client : 1 | Local Epoch : 2 | [160/355 (44%)]	Loss: 0.501650
04-08 11:00:44 | Global Round : 0 | Client : 1 | Local Epoch : 2 | [240/355 (67%)]	Loss: 0.423144
04-08 11:00:45 | Global Round : 0 | Client : 1 | Local Epoch : 2 | [320/355 (89%)]	Loss: 0.700089
04-08 11:00:46 | Global Round : 0 | Client : 1 | Local Epoch : 3 | [0/355 (0%)]	Loss: 0.707608
04-08 11:00:48 | Global Round : 0 | Client : 1 | Local Epoch : 3 | [80/355 (22%)]	Loss: 0.993500
04-08 11:00:49 | Global Round : 0 | Client : 1 | Local Epoch : 3 | [160/355 (44%)]	Loss: 0.173866
04-08 11:00:51 | Global Round : 0 | Client : 1 | Local Epoch : 3 | [240/355 (67%)]	Loss: 0.423853
04-08 11:00:53 | Global Round : 0 | Client : 1 | Local Epoch : 3 | [320/355 (89%)]	Loss: 0.805081
04-08 11:00:54 | Global Round : 0 | Client : 1 | Local Epoch : 4 | [0/355 (0%)]	Loss: 0.249362
04-08 11:00:55 | Global Round : 0 | Client : 1 | Local Epoch : 4 | [80/355 (22%)]	Loss: 0.087331
04-08 11:00:57 | Global Round : 0 | Client : 1 | Local Epoch : 4 | [160/355 (44%)]	Loss: 0.065077
04-08 11:00:59 | Global Round : 0 | Client : 1 | Local Epoch : 4 | [240/355 (67%)]	Loss: 0.097360
04-08 11:01:01 | Global Round : 0 | Client : 1 | Local Epoch : 4 | [320/355 (89%)]	Loss: 0.279724
04-08 11:01:01 | Global Round : 0 | Client : 1 | Local Epoch : 5 | [0/355 (0%)]	Loss: 0.297551
04-08 11:01:03 | Global Round : 0 | Client : 1 | Local Epoch : 5 | [80/355 (22%)]	Loss: 0.061949
04-08 11:01:05 | Global Round : 0 | Client : 1 | Local Epoch : 5 | [160/355 (44%)]	Loss: 0.641733
04-08 11:01:07 | Global Round : 0 | Client : 1 | Local Epoch : 5 | [240/355 (67%)]	Loss: 0.153046
04-08 11:01:08 | Global Round : 0 | Client : 1 | Local Epoch : 5 | [320/355 (89%)]	Loss: 0.096962
04-08 11:01:09 | Global Round : 0 | Client : 1 | Local Epoch : 6 | [0/355 (0%)]	Loss: 0.056003
04-08 11:01:11 | Global Round : 0 | Client : 1 | Local Epoch : 6 | [80/355 (22%)]	Loss: 0.064930
04-08 11:01:13 | Global Round : 0 | Client : 1 | Local Epoch : 6 | [160/355 (44%)]	Loss: 0.123185
04-08 11:01:14 | Global Round : 0 | Client : 1 | Local Epoch : 6 | [240/355 (67%)]	Loss: 0.330668
04-08 11:01:16 | Global Round : 0 | Client : 1 | Local Epoch : 6 | [320/355 (89%)]	Loss: 0.381259
04-08 11:01:17 | Global Round : 0 | Client : 1 | Local Epoch : 7 | [0/355 (0%)]	Loss: 0.621089
04-08 11:01:18 | Global Round : 0 | Client : 1 | Local Epoch : 7 | [80/355 (22%)]	Loss: 0.016569
04-08 11:01:20 | Global Round : 0 | Client : 1 | Local Epoch : 7 | [160/355 (44%)]	Loss: 1.449667
04-08 11:01:22 | Global Round : 0 | Client : 1 | Local Epoch : 7 | [240/355 (67%)]	Loss: 0.025115
04-08 11:01:24 | Global Round : 0 | Client : 1 | Local Epoch : 7 | [320/355 (89%)]	Loss: 0.200346
04-08 11:01:24 | Global Round : 0 | Client : 1 | Local Epoch : 8 | [0/355 (0%)]	Loss: 0.117791
04-08 11:01:26 | Global Round : 0 | Client : 1 | Local Epoch : 8 | [80/355 (22%)]	Loss: 0.098797
04-08 11:01:28 | Global Round : 0 | Client : 1 | Local Epoch : 8 | [160/355 (44%)]	Loss: 0.016506
04-08 11:01:30 | Global Round : 0 | Client : 1 | Local Epoch : 8 | [240/355 (67%)]	Loss: 0.163941
04-08 11:01:31 | Global Round : 0 | Client : 1 | Local Epoch : 8 | [320/355 (89%)]	Loss: 0.028956
04-08 11:01:32 | Global Round : 0 | Client : 1 | Local Epoch : 9 | [0/355 (0%)]	Loss: 0.016747
04-08 11:01:34 | Global Round : 0 | Client : 1 | Local Epoch : 9 | [80/355 (22%)]	Loss: 0.024421
04-08 11:01:36 | Global Round : 0 | Client : 1 | Local Epoch : 9 | [160/355 (44%)]	Loss: 0.037424
04-08 11:01:37 | Global Round : 0 | Client : 1 | Local Epoch : 9 | [240/355 (67%)]	Loss: 0.029682
04-08 11:01:39 | Global Round : 0 | Client : 1 | Local Epoch : 9 | [320/355 (89%)]	Loss: 0.411445
04-08 11:01:40 | Global Round : 0 | Client : 7 | Local Epoch : 0 | [0/355 (0%)]	Loss: 2.707014
04-08 11:01:41 | Global Round : 0 | Client : 7 | Local Epoch : 0 | [80/355 (22%)]	Loss: 1.731056
04-08 11:01:43 | Global Round : 0 | Client : 7 | Local Epoch : 0 | [160/355 (44%)]	Loss: 1.480892
04-08 11:01:45 | Global Round : 0 | Client : 7 | Local Epoch : 0 | [240/355 (67%)]	Loss: 0.916699
04-08 11:01:47 | Global Round : 0 | Client : 7 | Local Epoch : 0 | [320/355 (89%)]	Loss: 1.544236
04-08 11:01:47 | Global Round : 0 | Client : 7 | Local Epoch : 1 | [0/355 (0%)]	Loss: 1.022312
04-08 11:01:49 | Global Round : 0 | Client : 7 | Local Epoch : 1 | [80/355 (22%)]	Loss: 0.507825
04-08 11:01:51 | Global Round : 0 | Client : 7 | Local Epoch : 1 | [160/355 (44%)]	Loss: 0.652360
04-08 11:01:52 | Global Round : 0 | Client : 7 | Local Epoch : 1 | [240/355 (67%)]	Loss: 0.555888
04-08 11:01:54 | Global Round : 0 | Client : 7 | Local Epoch : 1 | [320/355 (89%)]	Loss: 0.371021
04-08 11:01:55 | Global Round : 0 | Client : 7 | Local Epoch : 2 | [0/355 (0%)]	Loss: 0.574296
04-08 11:01:57 | Global Round : 0 | Client : 7 | Local Epoch : 2 | [80/355 (22%)]	Loss: 1.092803
04-08 11:01:58 | Global Round : 0 | Client : 7 | Local Epoch : 2 | [160/355 (44%)]	Loss: 0.843336
04-08 11:02:00 | Global Round : 0 | Client : 7 | Local Epoch : 2 | [240/355 (67%)]	Loss: 0.709639
04-08 11:02:02 | Global Round : 0 | Client : 7 | Local Epoch : 2 | [320/355 (89%)]	Loss: 0.669182
04-08 11:02:03 | Global Round : 0 | Client : 7 | Local Epoch : 3 | [0/355 (0%)]	Loss: 0.419756
04-08 11:02:04 | Global Round : 0 | Client : 7 | Local Epoch : 3 | [80/355 (22%)]	Loss: 0.371247
04-08 11:02:06 | Global Round : 0 | Client : 7 | Local Epoch : 3 | [160/355 (44%)]	Loss: 0.231172
04-08 11:02:08 | Global Round : 0 | Client : 7 | Local Epoch : 3 | [240/355 (67%)]	Loss: 0.191923
04-08 11:02:10 | Global Round : 0 | Client : 7 | Local Epoch : 3 | [320/355 (89%)]	Loss: 0.401484
04-08 11:02:10 | Global Round : 0 | Client : 7 | Local Epoch : 4 | [0/355 (0%)]	Loss: 0.924225
04-08 11:02:12 | Global Round : 0 | Client : 7 | Local Epoch : 4 | [80/355 (22%)]	Loss: 0.388817
04-08 11:02:14 | Global Round : 0 | Client : 7 | Local Epoch : 4 | [160/355 (44%)]	Loss: 0.239120
04-08 11:02:16 | Global Round : 0 | Client : 7 | Local Epoch : 4 | [240/355 (67%)]	Loss: 0.171895
04-08 11:02:17 | Global Round : 0 | Client : 7 | Local Epoch : 4 | [320/355 (89%)]	Loss: 0.074185
04-08 11:02:18 | Global Round : 0 | Client : 7 | Local Epoch : 5 | [0/355 (0%)]	Loss: 0.102524
04-08 11:02:20 | Global Round : 0 | Client : 7 | Local Epoch : 5 | [80/355 (22%)]	Loss: 0.325238
04-08 11:02:22 | Global Round : 0 | Client : 7 | Local Epoch : 5 | [160/355 (44%)]	Loss: 0.055454
04-08 11:02:23 | Global Round : 0 | Client : 7 | Local Epoch : 5 | [240/355 (67%)]	Loss: 0.160569
04-08 11:02:25 | Global Round : 0 | Client : 7 | Local Epoch : 5 | [320/355 (89%)]	Loss: 0.679731
04-08 11:02:26 | Global Round : 0 | Client : 7 | Local Epoch : 6 | [0/355 (0%)]	Loss: 0.071063
04-08 11:02:28 | Global Round : 0 | Client : 7 | Local Epoch : 6 | [80/355 (22%)]	Loss: 0.180119
04-08 11:02:29 | Global Round : 0 | Client : 7 | Local Epoch : 6 | [160/355 (44%)]	Loss: 0.001146
04-08 11:02:31 | Global Round : 0 | Client : 7 | Local Epoch : 6 | [240/355 (67%)]	Loss: 0.025292
04-08 11:02:33 | Global Round : 0 | Client : 7 | Local Epoch : 6 | [320/355 (89%)]	Loss: 0.113912
04-08 11:02:34 | Global Round : 0 | Client : 7 | Local Epoch : 7 | [0/355 (0%)]	Loss: 0.694913
04-08 11:02:35 | Global Round : 0 | Client : 7 | Local Epoch : 7 | [80/355 (22%)]	Loss: 0.073828
04-08 11:02:37 | Global Round : 0 | Client : 7 | Local Epoch : 7 | [160/355 (44%)]	Loss: 0.059141
04-08 11:02:39 | Global Round : 0 | Client : 7 | Local Epoch : 7 | [240/355 (67%)]	Loss: 0.066485
04-08 11:02:41 | Global Round : 0 | Client : 7 | Local Epoch : 7 | [320/355 (89%)]	Loss: 0.118032
04-08 11:02:41 | Global Round : 0 | Client : 7 | Local Epoch : 8 | [0/355 (0%)]	Loss: 0.136800
04-08 11:02:43 | Global Round : 0 | Client : 7 | Local Epoch : 8 | [80/355 (22%)]	Loss: 0.013298
04-08 11:02:45 | Global Round : 0 | Client : 7 | Local Epoch : 8 | [160/355 (44%)]	Loss: 0.033483
04-08 11:02:47 | Global Round : 0 | Client : 7 | Local Epoch : 8 | [240/355 (67%)]	Loss: 0.156525
04-08 11:02:48 | Global Round : 0 | Client : 7 | Local Epoch : 8 | [320/355 (89%)]	Loss: 0.389532
04-08 11:02:49 | Global Round : 0 | Client : 7 | Local Epoch : 9 | [0/355 (0%)]	Loss: 0.071001
04-08 11:02:51 | Global Round : 0 | Client : 7 | Local Epoch : 9 | [80/355 (22%)]	Loss: 0.494268
04-08 11:02:53 | Global Round : 0 | Client : 7 | Local Epoch : 9 | [160/355 (44%)]	Loss: 0.042176
04-08 11:02:54 | Global Round : 0 | Client : 7 | Local Epoch : 9 | [240/355 (67%)]	Loss: 0.004242
04-08 11:02:56 | Global Round : 0 | Client : 7 | Local Epoch : 9 | [320/355 (89%)]	Loss: 0.136057
04-08 11:02:57 | Global Round : 0 | Client : 5 | Local Epoch : 0 | [0/355 (0%)]	Loss: 2.376102
04-08 11:02:59 | Global Round : 0 | Client : 5 | Local Epoch : 0 | [80/355 (22%)]	Loss: 1.296969
04-08 11:03:00 | Global Round : 0 | Client : 5 | Local Epoch : 0 | [160/355 (44%)]	Loss: 2.222870
04-08 11:03:02 | Global Round : 0 | Client : 5 | Local Epoch : 0 | [240/355 (67%)]	Loss: 0.487651
04-08 11:03:04 | Global Round : 0 | Client : 5 | Local Epoch : 0 | [320/355 (89%)]	Loss: 1.375639
04-08 11:03:05 | Global Round : 0 | Client : 5 | Local Epoch : 1 | [0/355 (0%)]	Loss: 1.122125
04-08 11:03:06 | Global Round : 0 | Client : 5 | Local Epoch : 1 | [80/355 (22%)]	Loss: 0.454434
04-08 11:03:08 | Global Round : 0 | Client : 5 | Local Epoch : 1 | [160/355 (44%)]	Loss: 0.524832
04-08 11:03:10 | Global Round : 0 | Client : 5 | Local Epoch : 1 | [240/355 (67%)]	Loss: 0.331139
04-08 11:03:12 | Global Round : 0 | Client : 5 | Local Epoch : 1 | [320/355 (89%)]	Loss: 0.566476
04-08 11:03:12 | Global Round : 0 | Client : 5 | Local Epoch : 2 | [0/355 (0%)]	Loss: 0.258564
04-08 11:03:14 | Global Round : 0 | Client : 5 | Local Epoch : 2 | [80/355 (22%)]	Loss: 0.412112
04-08 11:03:16 | Global Round : 0 | Client : 5 | Local Epoch : 2 | [160/355 (44%)]	Loss: 1.270889
04-08 11:03:18 | Global Round : 0 | Client : 5 | Local Epoch : 2 | [240/355 (67%)]	Loss: 0.675955
04-08 11:03:19 | Global Round : 0 | Client : 5 | Local Epoch : 2 | [320/355 (89%)]	Loss: 0.551759
04-08 11:03:20 | Global Round : 0 | Client : 5 | Local Epoch : 3 | [0/355 (0%)]	Loss: 0.502089
04-08 11:03:22 | Global Round : 0 | Client : 5 | Local Epoch : 3 | [80/355 (22%)]	Loss: 0.322697
04-08 11:03:24 | Global Round : 0 | Client : 5 | Local Epoch : 3 | [160/355 (44%)]	Loss: 0.569089
04-08 11:03:25 | Global Round : 0 | Client : 5 | Local Epoch : 3 | [240/355 (67%)]	Loss: 0.218798
04-08 11:03:27 | Global Round : 0 | Client : 5 | Local Epoch : 3 | [320/355 (89%)]	Loss: 0.199107
04-08 11:03:28 | Global Round : 0 | Client : 5 | Local Epoch : 4 | [0/355 (0%)]	Loss: 0.530519
04-08 11:03:30 | Global Round : 0 | Client : 5 | Local Epoch : 4 | [80/355 (22%)]	Loss: 0.203255
04-08 11:03:32 | Global Round : 0 | Client : 5 | Local Epoch : 4 | [160/355 (44%)]	Loss: 0.080778
04-08 11:03:33 | Global Round : 0 | Client : 5 | Local Epoch : 4 | [240/355 (67%)]	Loss: 0.025323
04-08 11:03:35 | Global Round : 0 | Client : 5 | Local Epoch : 4 | [320/355 (89%)]	Loss: 0.130405
04-08 11:03:36 | Global Round : 0 | Client : 5 | Local Epoch : 5 | [0/355 (0%)]	Loss: 0.144241
04-08 11:03:38 | Global Round : 0 | Client : 5 | Local Epoch : 5 | [80/355 (22%)]	Loss: 0.256901
04-08 11:03:39 | Global Round : 0 | Client : 5 | Local Epoch : 5 | [160/355 (44%)]	Loss: 0.098646
04-08 11:03:41 | Global Round : 0 | Client : 5 | Local Epoch : 5 | [240/355 (67%)]	Loss: 0.956611
04-08 11:03:43 | Global Round : 0 | Client : 5 | Local Epoch : 5 | [320/355 (89%)]	Loss: 0.356753
04-08 11:03:44 | Global Round : 0 | Client : 5 | Local Epoch : 6 | [0/355 (0%)]	Loss: 0.096850
04-08 11:03:45 | Global Round : 0 | Client : 5 | Local Epoch : 6 | [80/355 (22%)]	Loss: 0.284623
04-08 11:03:47 | Global Round : 0 | Client : 5 | Local Epoch : 6 | [160/355 (44%)]	Loss: 0.070578
04-08 11:03:49 | Global Round : 0 | Client : 5 | Local Epoch : 6 | [240/355 (67%)]	Loss: 0.021658
04-08 11:03:51 | Global Round : 0 | Client : 5 | Local Epoch : 6 | [320/355 (89%)]	Loss: 0.668992
04-08 11:03:51 | Global Round : 0 | Client : 5 | Local Epoch : 7 | [0/355 (0%)]	Loss: 0.413478
04-08 11:03:53 | Global Round : 0 | Client : 5 | Local Epoch : 7 | [80/355 (22%)]	Loss: 0.125346
04-08 11:03:55 | Global Round : 0 | Client : 5 | Local Epoch : 7 | [160/355 (44%)]	Loss: 0.526031
04-08 11:03:57 | Global Round : 0 | Client : 5 | Local Epoch : 7 | [240/355 (67%)]	Loss: 0.016681
04-08 11:03:59 | Global Round : 0 | Client : 5 | Local Epoch : 7 | [320/355 (89%)]	Loss: 0.026509
04-08 11:03:59 | Global Round : 0 | Client : 5 | Local Epoch : 8 | [0/355 (0%)]	Loss: 0.050978
04-08 11:04:01 | Global Round : 0 | Client : 5 | Local Epoch : 8 | [80/355 (22%)]	Loss: 0.009532
04-08 11:04:03 | Global Round : 0 | Client : 5 | Local Epoch : 8 | [160/355 (44%)]	Loss: 0.082133
04-08 11:04:05 | Global Round : 0 | Client : 5 | Local Epoch : 8 | [240/355 (67%)]	Loss: 0.001164
04-08 11:04:06 | Global Round : 0 | Client : 5 | Local Epoch : 8 | [320/355 (89%)]	Loss: 0.005382
04-08 11:04:07 | Global Round : 0 | Client : 5 | Local Epoch : 9 | [0/355 (0%)]	Loss: 0.024265
04-08 11:04:09 | Global Round : 0 | Client : 5 | Local Epoch : 9 | [80/355 (22%)]	Loss: 0.006280
04-08 11:04:11 | Global Round : 0 | Client : 5 | Local Epoch : 9 | [160/355 (44%)]	Loss: 0.004647
04-08 11:04:12 | Global Round : 0 | Client : 5 | Local Epoch : 9 | [240/355 (67%)]	Loss: 0.004153
04-08 11:04:14 | Global Round : 0 | Client : 5 | Local Epoch : 9 | [320/355 (89%)]	Loss: 0.467772
04-08 11:04:15 | Global Round : 0 | Client : 9 | Local Epoch : 0 | [0/355 (0%)]	Loss: 2.583545
04-08 11:04:17 | Global Round : 0 | Client : 9 | Local Epoch : 0 | [80/355 (22%)]	Loss: 2.161667
04-08 11:04:19 | Global Round : 0 | Client : 9 | Local Epoch : 0 | [160/355 (44%)]	Loss: 1.929067
04-08 11:04:20 | Global Round : 0 | Client : 9 | Local Epoch : 0 | [240/355 (67%)]	Loss: 2.111794
04-08 11:04:22 | Global Round : 0 | Client : 9 | Local Epoch : 0 | [320/355 (89%)]	Loss: 1.809419
04-08 11:04:23 | Global Round : 0 | Client : 9 | Local Epoch : 1 | [0/355 (0%)]	Loss: 1.223714
04-08 11:04:25 | Global Round : 0 | Client : 9 | Local Epoch : 1 | [80/355 (22%)]	Loss: 1.880904
04-08 11:04:26 | Global Round : 0 | Client : 9 | Local Epoch : 1 | [160/355 (44%)]	Loss: 1.059621
04-08 11:04:28 | Global Round : 0 | Client : 9 | Local Epoch : 1 | [240/355 (67%)]	Loss: 0.743463
04-08 11:04:30 | Global Round : 0 | Client : 9 | Local Epoch : 1 | [320/355 (89%)]	Loss: 0.808159
04-08 11:04:31 | Global Round : 0 | Client : 9 | Local Epoch : 2 | [0/355 (0%)]	Loss: 0.845803
04-08 11:04:32 | Global Round : 0 | Client : 9 | Local Epoch : 2 | [80/355 (22%)]	Loss: 0.721082
04-08 11:04:34 | Global Round : 0 | Client : 9 | Local Epoch : 2 | [160/355 (44%)]	Loss: 0.609955
04-08 11:04:36 | Global Round : 0 | Client : 9 | Local Epoch : 2 | [240/355 (67%)]	Loss: 0.750092
04-08 11:04:38 | Global Round : 0 | Client : 9 | Local Epoch : 2 | [320/355 (89%)]	Loss: 0.818315
04-08 11:04:39 | Global Round : 0 | Client : 9 | Local Epoch : 3 | [0/355 (0%)]	Loss: 0.170792
04-08 11:04:40 | Global Round : 0 | Client : 9 | Local Epoch : 3 | [80/355 (22%)]	Loss: 0.073351
04-08 11:04:42 | Global Round : 0 | Client : 9 | Local Epoch : 3 | [160/355 (44%)]	Loss: 0.261608
04-08 11:04:44 | Global Round : 0 | Client : 9 | Local Epoch : 3 | [240/355 (67%)]	Loss: 0.110698
04-08 11:04:46 | Global Round : 0 | Client : 9 | Local Epoch : 3 | [320/355 (89%)]	Loss: 0.875797
04-08 11:04:46 | Global Round : 0 | Client : 9 | Local Epoch : 4 | [0/355 (0%)]	Loss: 0.600490
04-08 11:04:48 | Global Round : 0 | Client : 9 | Local Epoch : 4 | [80/355 (22%)]	Loss: 0.796912
04-08 11:04:50 | Global Round : 0 | Client : 9 | Local Epoch : 4 | [160/355 (44%)]	Loss: 0.472829
04-08 11:04:52 | Global Round : 0 | Client : 9 | Local Epoch : 4 | [240/355 (67%)]	Loss: 0.304490
04-08 11:04:53 | Global Round : 0 | Client : 9 | Local Epoch : 4 | [320/355 (89%)]	Loss: 0.340890
04-08 11:04:54 | Global Round : 0 | Client : 9 | Local Epoch : 5 | [0/355 (0%)]	Loss: 0.468609
04-08 11:04:56 | Global Round : 0 | Client : 9 | Local Epoch : 5 | [80/355 (22%)]	Loss: 0.033627
04-08 11:04:58 | Global Round : 0 | Client : 9 | Local Epoch : 5 | [160/355 (44%)]	Loss: 0.168227
04-08 11:05:00 | Global Round : 0 | Client : 9 | Local Epoch : 5 | [240/355 (67%)]	Loss: 0.270840
04-08 11:05:01 | Global Round : 0 | Client : 9 | Local Epoch : 5 | [320/355 (89%)]	Loss: 0.732985
04-08 11:05:02 | Global Round : 0 | Client : 9 | Local Epoch : 6 | [0/355 (0%)]	Loss: 1.013121
04-08 11:05:04 | Global Round : 0 | Client : 9 | Local Epoch : 6 | [80/355 (22%)]	Loss: 0.338545
04-08 11:05:06 | Global Round : 0 | Client : 9 | Local Epoch : 6 | [160/355 (44%)]	Loss: 0.054914
04-08 11:05:07 | Global Round : 0 | Client : 9 | Local Epoch : 6 | [240/355 (67%)]	Loss: 0.190150
04-08 11:05:09 | Global Round : 0 | Client : 9 | Local Epoch : 6 | [320/355 (89%)]	Loss: 0.232901
04-08 11:05:10 | Global Round : 0 | Client : 9 | Local Epoch : 7 | [0/355 (0%)]	Loss: 0.139261
04-08 11:05:12 | Global Round : 0 | Client : 9 | Local Epoch : 7 | [80/355 (22%)]	Loss: 0.414952
04-08 11:05:14 | Global Round : 0 | Client : 9 | Local Epoch : 7 | [160/355 (44%)]	Loss: 0.172782
04-08 11:05:16 | Global Round : 0 | Client : 9 | Local Epoch : 7 | [240/355 (67%)]	Loss: 0.218520
04-08 11:05:18 | Global Round : 0 | Client : 9 | Local Epoch : 7 | [320/355 (89%)]	Loss: 0.287309
04-08 11:05:18 | Global Round : 0 | Client : 9 | Local Epoch : 8 | [0/355 (0%)]	Loss: 0.276103
04-08 11:05:20 | Global Round : 0 | Client : 9 | Local Epoch : 8 | [80/355 (22%)]	Loss: 0.001303
04-08 11:05:22 | Global Round : 0 | Client : 9 | Local Epoch : 8 | [160/355 (44%)]	Loss: 0.540915
04-08 11:05:24 | Global Round : 0 | Client : 9 | Local Epoch : 8 | [240/355 (67%)]	Loss: 0.381079
04-08 11:05:26 | Global Round : 0 | Client : 9 | Local Epoch : 8 | [320/355 (89%)]	Loss: 0.389424
04-08 11:05:26 | Global Round : 0 | Client : 9 | Local Epoch : 9 | [0/355 (0%)]	Loss: 0.007335
04-08 11:05:28 | Global Round : 0 | Client : 9 | Local Epoch : 9 | [80/355 (22%)]	Loss: 0.014628
04-08 11:05:30 | Global Round : 0 | Client : 9 | Local Epoch : 9 | [160/355 (44%)]	Loss: 0.016237
04-08 11:05:32 | Global Round : 0 | Client : 9 | Local Epoch : 9 | [240/355 (67%)]	Loss: 0.021641
04-08 11:05:34 | Global Round : 0 | Client : 9 | Local Epoch : 9 | [320/355 (89%)]	Loss: 0.473381
04-08 11:05:34 | Global Round : 0 | Client : 4 | Local Epoch : 0 | [0/355 (0%)]	Loss: 2.290588
04-08 11:05:36 | Global Round : 0 | Client : 4 | Local Epoch : 0 | [80/355 (22%)]	Loss: 1.587863
04-08 11:05:38 | Global Round : 0 | Client : 4 | Local Epoch : 0 | [160/355 (44%)]	Loss: 1.497396
04-08 11:05:40 | Global Round : 0 | Client : 4 | Local Epoch : 0 | [240/355 (67%)]	Loss: 1.045735
04-08 11:05:42 | Global Round : 0 | Client : 4 | Local Epoch : 0 | [320/355 (89%)]	Loss: 1.122048
04-08 11:05:42 | Global Round : 0 | Client : 4 | Local Epoch : 1 | [0/355 (0%)]	Loss: 0.818266
04-08 11:05:44 | Global Round : 0 | Client : 4 | Local Epoch : 1 | [80/355 (22%)]	Loss: 0.766216
04-08 11:05:46 | Global Round : 0 | Client : 4 | Local Epoch : 1 | [160/355 (44%)]	Loss: 1.007927
04-08 11:05:48 | Global Round : 0 | Client : 4 | Local Epoch : 1 | [240/355 (67%)]	Loss: 0.144681
04-08 11:05:50 | Global Round : 0 | Client : 4 | Local Epoch : 1 | [320/355 (89%)]	Loss: 0.379437
04-08 11:05:50 | Global Round : 0 | Client : 4 | Local Epoch : 2 | [0/355 (0%)]	Loss: 0.500240
04-08 11:05:52 | Global Round : 0 | Client : 4 | Local Epoch : 2 | [80/355 (22%)]	Loss: 0.359064
04-08 11:05:54 | Global Round : 0 | Client : 4 | Local Epoch : 2 | [160/355 (44%)]	Loss: 0.143001
04-08 11:05:56 | Global Round : 0 | Client : 4 | Local Epoch : 2 | [240/355 (67%)]	Loss: 1.036932
04-08 11:05:58 | Global Round : 0 | Client : 4 | Local Epoch : 2 | [320/355 (89%)]	Loss: 0.670908
04-08 11:05:58 | Global Round : 0 | Client : 4 | Local Epoch : 3 | [0/355 (0%)]	Loss: 0.462339
04-08 11:06:00 | Global Round : 0 | Client : 4 | Local Epoch : 3 | [80/355 (22%)]	Loss: 0.346051
04-08 11:06:02 | Global Round : 0 | Client : 4 | Local Epoch : 3 | [160/355 (44%)]	Loss: 0.211900
04-08 11:06:04 | Global Round : 0 | Client : 4 | Local Epoch : 3 | [240/355 (67%)]	Loss: 0.564766
04-08 11:06:06 | Global Round : 0 | Client : 4 | Local Epoch : 3 | [320/355 (89%)]	Loss: 0.101688
04-08 11:06:06 | Global Round : 0 | Client : 4 | Local Epoch : 4 | [0/355 (0%)]	Loss: 0.336155
04-08 11:06:08 | Global Round : 0 | Client : 4 | Local Epoch : 4 | [80/355 (22%)]	Loss: 0.992093
04-08 11:06:10 | Global Round : 0 | Client : 4 | Local Epoch : 4 | [160/355 (44%)]	Loss: 0.184485
04-08 11:06:12 | Global Round : 0 | Client : 4 | Local Epoch : 4 | [240/355 (67%)]	Loss: 0.391816
04-08 11:06:14 | Global Round : 0 | Client : 4 | Local Epoch : 4 | [320/355 (89%)]	Loss: 0.215841
04-08 11:06:15 | Global Round : 0 | Client : 4 | Local Epoch : 5 | [0/355 (0%)]	Loss: 0.027936
04-08 11:06:16 | Global Round : 0 | Client : 4 | Local Epoch : 5 | [80/355 (22%)]	Loss: 0.060054
04-08 11:06:18 | Global Round : 0 | Client : 4 | Local Epoch : 5 | [160/355 (44%)]	Loss: 0.133835
04-08 11:06:20 | Global Round : 0 | Client : 4 | Local Epoch : 5 | [240/355 (67%)]	Loss: 0.208272
04-08 11:06:22 | Global Round : 0 | Client : 4 | Local Epoch : 5 | [320/355 (89%)]	Loss: 0.075062
04-08 11:06:23 | Global Round : 0 | Client : 4 | Local Epoch : 6 | [0/355 (0%)]	Loss: 0.018530
04-08 11:06:24 | Global Round : 0 | Client : 4 | Local Epoch : 6 | [80/355 (22%)]	Loss: 0.575219
04-08 11:06:26 | Global Round : 0 | Client : 4 | Local Epoch : 6 | [160/355 (44%)]	Loss: 0.467955
04-08 11:06:28 | Global Round : 0 | Client : 4 | Local Epoch : 6 | [240/355 (67%)]	Loss: 0.258305
04-08 11:06:30 | Global Round : 0 | Client : 4 | Local Epoch : 6 | [320/355 (89%)]	Loss: 0.215652
04-08 11:06:31 | Global Round : 0 | Client : 4 | Local Epoch : 7 | [0/355 (0%)]	Loss: 0.135746
04-08 11:06:32 | Global Round : 0 | Client : 4 | Local Epoch : 7 | [80/355 (22%)]	Loss: 0.018339
04-08 11:06:34 | Global Round : 0 | Client : 4 | Local Epoch : 7 | [160/355 (44%)]	Loss: 0.125715
04-08 11:06:36 | Global Round : 0 | Client : 4 | Local Epoch : 7 | [240/355 (67%)]	Loss: 0.180077
04-08 11:06:38 | Global Round : 0 | Client : 4 | Local Epoch : 7 | [320/355 (89%)]	Loss: 0.137028
04-08 11:06:39 | Global Round : 0 | Client : 4 | Local Epoch : 8 | [0/355 (0%)]	Loss: 0.026630
04-08 11:06:40 | Global Round : 0 | Client : 4 | Local Epoch : 8 | [80/355 (22%)]	Loss: 0.098775
04-08 11:06:42 | Global Round : 0 | Client : 4 | Local Epoch : 8 | [160/355 (44%)]	Loss: 0.038847
04-08 11:06:44 | Global Round : 0 | Client : 4 | Local Epoch : 8 | [240/355 (67%)]	Loss: 0.047765
04-08 11:06:46 | Global Round : 0 | Client : 4 | Local Epoch : 8 | [320/355 (89%)]	Loss: 0.004008
04-08 11:06:47 | Global Round : 0 | Client : 4 | Local Epoch : 9 | [0/355 (0%)]	Loss: 0.062981
04-08 11:06:49 | Global Round : 0 | Client : 4 | Local Epoch : 9 | [80/355 (22%)]	Loss: 0.257787
04-08 11:06:56 | Global Round : 0 | Client : 4 | Local Epoch : 9 | [160/355 (44%)]	Loss: 0.373485
04-08 11:07:12 | Global Round : 0 | Client : 4 | Local Epoch : 9 | [240/355 (67%)]	Loss: 0.074363
04-08 11:07:14 | Global Round : 0 | Client : 4 | Local Epoch : 9 | [320/355 (89%)]	Loss: 0.352756
04-08 11:07:25  
Avg Training Stats after 1 global rounds:
04-08 11:07:25 Training Loss : 0.48579471957586984
04-08 11:07:25 Train Accuracy: 58.82% 

04-08 11:07:34  
 Results after 1 global rounds of training:
04-08 11:07:34 |---- Avg Train Accuracy: 58.82%
04-08 11:07:34 |---- Test Accuracy: 62.82%
04-08 11:07:34 
 Total Run Time: 460.9200
